SF:/home/ametel/source/fossil-headers-db/src/commands/mod.rs
FN:446,_RNCNCNCNCNvNtCs1UgwbsbadXT_17fossil_headers_db8commands19process_block_range0000Bb_
FN:453,_RNCNCNCNCNvNtCs1UgwbsbadXT_17fossil_headers_db8commands19process_block_range000s_0Bb_
FN:442,_RNCNCNCNvNtCs1UgwbsbadXT_17fossil_headers_db8commands19process_block_range000B9_
FN:425,_RNCNCNvNtCs1UgwbsbadXT_17fossil_headers_db8commands14get_last_block00B7_
FN:440,_RNCNCNvNtCs1UgwbsbadXT_17fossil_headers_db8commands19process_block_range00B7_
FN:245,_RNCNCNvNtCs1UgwbsbadXT_17fossil_headers_db8commands21process_missing_block00B7_
FN:251,_RNCNCNvNtCs1UgwbsbadXT_17fossil_headers_db8commands21process_missing_block0s_0B7_
FN:83,_RNCNCNvNtCs1UgwbsbadXT_17fossil_headers_db8commands9fill_gaps00B7_
FN:272,_RNCNvNtCs1UgwbsbadXT_17fossil_headers_db8commands11update_from0B5_
FN:260,_RNCNvNtCs1UgwbsbadXT_17fossil_headers_db8commands13get_range_end0B5_
FN:364,_RNCNvNtCs1UgwbsbadXT_17fossil_headers_db8commands13process_block0B5_
FN:327,_RNCNvNtCs1UgwbsbadXT_17fossil_headers_db8commands13update_blocks0B5_
FN:135,_RNCNvNtCs1UgwbsbadXT_17fossil_headers_db8commands14fill_null_rows0B5_
FN:422,_RNCNvNtCs1UgwbsbadXT_17fossil_headers_db8commands14get_last_block0B5_
FN:290,_RNCNvNtCs1UgwbsbadXT_17fossil_headers_db8commands19chain_update_blocks0B5_
FN:438,_RNCNvNtCs1UgwbsbadXT_17fossil_headers_db8commands19process_block_range0B5_
FN:151,_RNCNvNtCs1UgwbsbadXT_17fossil_headers_db8commands19process_null_blocks0B5_
FN:216,_RNCNvNtCs1UgwbsbadXT_17fossil_headers_db8commands21process_missing_block0B5_
FN:164,_RNCNvNtCs1UgwbsbadXT_17fossil_headers_db8commands21retry_block_retrieval0B5_
FN:415,_RNCNvNtCs1UgwbsbadXT_17fossil_headers_db8commands23get_first_missing_block0B5_
FN:382,_RNCNvNtCs1UgwbsbadXT_17fossil_headers_db8commands24attempt_block_processing0B5_
FN:208,_RNCNvNtCs1UgwbsbadXT_17fossil_headers_db8commands25apply_exponential_backoff0B5_
FN:491,_RNCNvNtCs1UgwbsbadXT_17fossil_headers_db8commands28apply_backpressure_if_needed0B5_
FN:99,_RNCNvNtCs1UgwbsbadXT_17fossil_headers_db8commands28fill_missing_blocks_in_range0B5_
FN:82,_RNCNvNtCs1UgwbsbadXT_17fossil_headers_db8commands9fill_gaps0B5_
FN:267,_RNvNtCs1UgwbsbadXT_17fossil_headers_db8commands11update_from
FN:260,_RNvNtCs1UgwbsbadXT_17fossil_headers_db8commands13get_range_end
FN:364,_RNvNtCs1UgwbsbadXT_17fossil_headers_db8commands13process_block
FN:322,_RNvNtCs1UgwbsbadXT_17fossil_headers_db8commands13update_blocks
FN:131,_RNvNtCs1UgwbsbadXT_17fossil_headers_db8commands14fill_null_rows
FN:422,_RNvNtCs1UgwbsbadXT_17fossil_headers_db8commands14get_last_block
FN:200,_RNvNtCs1UgwbsbadXT_17fossil_headers_db8commands19calculate_range_end
FN:285,_RNvNtCs1UgwbsbadXT_17fossil_headers_db8commands19chain_update_blocks
FN:434,_RNvNtCs1UgwbsbadXT_17fossil_headers_db8commands19process_block_range
FN:148,_RNvNtCs1UgwbsbadXT_17fossil_headers_db8commands19process_null_blocks
FN:406,_RNvNtCs1UgwbsbadXT_17fossil_headers_db8commands20log_success_if_retry
FN:213,_RNvNtCs1UgwbsbadXT_17fossil_headers_db8commands21process_missing_block
FN:164,_RNvNtCs1UgwbsbadXT_17fossil_headers_db8commands21retry_block_retrieval
FN:415,_RNvNtCs1UgwbsbadXT_17fossil_headers_db8commands23get_first_missing_block
FN:521,_RNvNtCs1UgwbsbadXT_17fossil_headers_db8commands23handle_batch_completion
FN:379,_RNvNtCs1UgwbsbadXT_17fossil_headers_db8commands24attempt_block_processing
FN:208,_RNvNtCs1UgwbsbadXT_17fossil_headers_db8commands25apply_exponential_backoff
FN:487,_RNvNtCs1UgwbsbadXT_17fossil_headers_db8commands28apply_backpressure_if_needed
FN:95,_RNvNtCs1UgwbsbadXT_17fossil_headers_db8commands28fill_missing_blocks_in_range
FN:78,_RNvNtCs1UgwbsbadXT_17fossil_headers_db8commands9fill_gaps
FN:446,_RNCNCNCNCNvNtCsbxLqOPlq5Lb_17fossil_headers_db8commands19process_block_range0000Cs6REryQKdS9y_17fossil_headers_db
FN:453,_RNCNCNCNCNvNtCsbxLqOPlq5Lb_17fossil_headers_db8commands19process_block_range000s_0Cs6REryQKdS9y_17fossil_headers_db
FN:442,_RNCNCNCNvNtCsbxLqOPlq5Lb_17fossil_headers_db8commands19process_block_range000Cs6REryQKdS9y_17fossil_headers_db
FN:425,_RNCNCNvNtCsbxLqOPlq5Lb_17fossil_headers_db8commands14get_last_block00Cs6REryQKdS9y_17fossil_headers_db
FN:440,_RNCNCNvNtCsbxLqOPlq5Lb_17fossil_headers_db8commands19process_block_range00Cs6REryQKdS9y_17fossil_headers_db
FN:245,_RNCNCNvNtCsbxLqOPlq5Lb_17fossil_headers_db8commands21process_missing_block00Cs6REryQKdS9y_17fossil_headers_db
FN:251,_RNCNCNvNtCsbxLqOPlq5Lb_17fossil_headers_db8commands21process_missing_block0s_0Cs6REryQKdS9y_17fossil_headers_db
FN:83,_RNCNCNvNtCsbxLqOPlq5Lb_17fossil_headers_db8commands9fill_gaps00Cs6REryQKdS9y_17fossil_headers_db
FN:272,_RNCNvNtCsbxLqOPlq5Lb_17fossil_headers_db8commands11update_from0Cs6REryQKdS9y_17fossil_headers_db
FN:260,_RNCNvNtCsbxLqOPlq5Lb_17fossil_headers_db8commands13get_range_end0Cs6REryQKdS9y_17fossil_headers_db
FN:364,_RNCNvNtCsbxLqOPlq5Lb_17fossil_headers_db8commands13process_block0Cs6REryQKdS9y_17fossil_headers_db
FN:327,_RNCNvNtCsbxLqOPlq5Lb_17fossil_headers_db8commands13update_blocks0Cs6REryQKdS9y_17fossil_headers_db
FN:135,_RNCNvNtCsbxLqOPlq5Lb_17fossil_headers_db8commands14fill_null_rows0Cs6REryQKdS9y_17fossil_headers_db
FN:422,_RNCNvNtCsbxLqOPlq5Lb_17fossil_headers_db8commands14get_last_block0Cs6REryQKdS9y_17fossil_headers_db
FN:290,_RNCNvNtCsbxLqOPlq5Lb_17fossil_headers_db8commands19chain_update_blocks0Cs6REryQKdS9y_17fossil_headers_db
FN:438,_RNCNvNtCsbxLqOPlq5Lb_17fossil_headers_db8commands19process_block_range0Cs6REryQKdS9y_17fossil_headers_db
FN:151,_RNCNvNtCsbxLqOPlq5Lb_17fossil_headers_db8commands19process_null_blocks0Cs6REryQKdS9y_17fossil_headers_db
FN:216,_RNCNvNtCsbxLqOPlq5Lb_17fossil_headers_db8commands21process_missing_block0Cs6REryQKdS9y_17fossil_headers_db
FN:164,_RNCNvNtCsbxLqOPlq5Lb_17fossil_headers_db8commands21retry_block_retrieval0Cs6REryQKdS9y_17fossil_headers_db
FN:415,_RNCNvNtCsbxLqOPlq5Lb_17fossil_headers_db8commands23get_first_missing_block0Cs6REryQKdS9y_17fossil_headers_db
FN:382,_RNCNvNtCsbxLqOPlq5Lb_17fossil_headers_db8commands24attempt_block_processing0Cs6REryQKdS9y_17fossil_headers_db
FN:208,_RNCNvNtCsbxLqOPlq5Lb_17fossil_headers_db8commands25apply_exponential_backoff0Cs6REryQKdS9y_17fossil_headers_db
FN:491,_RNCNvNtCsbxLqOPlq5Lb_17fossil_headers_db8commands28apply_backpressure_if_needed0Cs6REryQKdS9y_17fossil_headers_db
FN:99,_RNCNvNtCsbxLqOPlq5Lb_17fossil_headers_db8commands28fill_missing_blocks_in_range0Cs6REryQKdS9y_17fossil_headers_db
FN:82,_RNCNvNtCsbxLqOPlq5Lb_17fossil_headers_db8commands9fill_gaps0Cs6REryQKdS9y_17fossil_headers_db
FN:446,_RNCNCNCNCNvNtCsbxLqOPlq5Lb_17fossil_headers_db8commands19process_block_range0000Bb_
FN:453,_RNCNCNCNCNvNtCsbxLqOPlq5Lb_17fossil_headers_db8commands19process_block_range000s_0Bb_
FN:442,_RNCNCNCNvNtCsbxLqOPlq5Lb_17fossil_headers_db8commands19process_block_range000B9_
FN:425,_RNCNCNvNtCsbxLqOPlq5Lb_17fossil_headers_db8commands14get_last_block00B7_
FN:440,_RNCNCNvNtCsbxLqOPlq5Lb_17fossil_headers_db8commands19process_block_range00B7_
FN:245,_RNCNCNvNtCsbxLqOPlq5Lb_17fossil_headers_db8commands21process_missing_block00B7_
FN:251,_RNCNCNvNtCsbxLqOPlq5Lb_17fossil_headers_db8commands21process_missing_block0s_0B7_
FN:83,_RNCNCNvNtCsbxLqOPlq5Lb_17fossil_headers_db8commands9fill_gaps00B7_
FN:272,_RNCNvNtCsbxLqOPlq5Lb_17fossil_headers_db8commands11update_from0B5_
FN:260,_RNCNvNtCsbxLqOPlq5Lb_17fossil_headers_db8commands13get_range_end0B5_
FN:364,_RNCNvNtCsbxLqOPlq5Lb_17fossil_headers_db8commands13process_block0B5_
FN:327,_RNCNvNtCsbxLqOPlq5Lb_17fossil_headers_db8commands13update_blocks0B5_
FN:135,_RNCNvNtCsbxLqOPlq5Lb_17fossil_headers_db8commands14fill_null_rows0B5_
FN:422,_RNCNvNtCsbxLqOPlq5Lb_17fossil_headers_db8commands14get_last_block0B5_
FN:290,_RNCNvNtCsbxLqOPlq5Lb_17fossil_headers_db8commands19chain_update_blocks0B5_
FN:438,_RNCNvNtCsbxLqOPlq5Lb_17fossil_headers_db8commands19process_block_range0B5_
FN:151,_RNCNvNtCsbxLqOPlq5Lb_17fossil_headers_db8commands19process_null_blocks0B5_
FN:216,_RNCNvNtCsbxLqOPlq5Lb_17fossil_headers_db8commands21process_missing_block0B5_
FN:164,_RNCNvNtCsbxLqOPlq5Lb_17fossil_headers_db8commands21retry_block_retrieval0B5_
FN:415,_RNCNvNtCsbxLqOPlq5Lb_17fossil_headers_db8commands23get_first_missing_block0B5_
FN:382,_RNCNvNtCsbxLqOPlq5Lb_17fossil_headers_db8commands24attempt_block_processing0B5_
FN:208,_RNCNvNtCsbxLqOPlq5Lb_17fossil_headers_db8commands25apply_exponential_backoff0B5_
FN:491,_RNCNvNtCsbxLqOPlq5Lb_17fossil_headers_db8commands28apply_backpressure_if_needed0B5_
FN:99,_RNCNvNtCsbxLqOPlq5Lb_17fossil_headers_db8commands28fill_missing_blocks_in_range0B5_
FN:82,_RNCNvNtCsbxLqOPlq5Lb_17fossil_headers_db8commands9fill_gaps0B5_
FN:267,_RNvNtCsbxLqOPlq5Lb_17fossil_headers_db8commands11update_from
FN:260,_RNvNtCsbxLqOPlq5Lb_17fossil_headers_db8commands13get_range_end
FN:364,_RNvNtCsbxLqOPlq5Lb_17fossil_headers_db8commands13process_block
FN:322,_RNvNtCsbxLqOPlq5Lb_17fossil_headers_db8commands13update_blocks
FN:131,_RNvNtCsbxLqOPlq5Lb_17fossil_headers_db8commands14fill_null_rows
FN:422,_RNvNtCsbxLqOPlq5Lb_17fossil_headers_db8commands14get_last_block
FN:200,_RNvNtCsbxLqOPlq5Lb_17fossil_headers_db8commands19calculate_range_end
FN:285,_RNvNtCsbxLqOPlq5Lb_17fossil_headers_db8commands19chain_update_blocks
FN:434,_RNvNtCsbxLqOPlq5Lb_17fossil_headers_db8commands19process_block_range
FN:148,_RNvNtCsbxLqOPlq5Lb_17fossil_headers_db8commands19process_null_blocks
FN:406,_RNvNtCsbxLqOPlq5Lb_17fossil_headers_db8commands20log_success_if_retry
FN:213,_RNvNtCsbxLqOPlq5Lb_17fossil_headers_db8commands21process_missing_block
FN:164,_RNvNtCsbxLqOPlq5Lb_17fossil_headers_db8commands21retry_block_retrieval
FN:415,_RNvNtCsbxLqOPlq5Lb_17fossil_headers_db8commands23get_first_missing_block
FN:521,_RNvNtCsbxLqOPlq5Lb_17fossil_headers_db8commands23handle_batch_completion
FN:379,_RNvNtCsbxLqOPlq5Lb_17fossil_headers_db8commands24attempt_block_processing
FN:208,_RNvNtCsbxLqOPlq5Lb_17fossil_headers_db8commands25apply_exponential_backoff
FN:487,_RNvNtCsbxLqOPlq5Lb_17fossil_headers_db8commands28apply_backpressure_if_needed
FN:95,_RNvNtCsbxLqOPlq5Lb_17fossil_headers_db8commands28fill_missing_blocks_in_range
FN:78,_RNvNtCsbxLqOPlq5Lb_17fossil_headers_db8commands9fill_gaps
FNDA:0,_RNCNCNCNCNvNtCs1UgwbsbadXT_17fossil_headers_db8commands19process_block_range0000Bb_
FNDA:0,_RNCNCNCNCNvNtCs1UgwbsbadXT_17fossil_headers_db8commands19process_block_range000s_0Bb_
FNDA:0,_RNCNCNCNvNtCs1UgwbsbadXT_17fossil_headers_db8commands19process_block_range000B9_
FNDA:0,_RNCNCNvNtCs1UgwbsbadXT_17fossil_headers_db8commands14get_last_block00B7_
FNDA:0,_RNCNCNvNtCs1UgwbsbadXT_17fossil_headers_db8commands19process_block_range00B7_
FNDA:0,_RNCNCNvNtCs1UgwbsbadXT_17fossil_headers_db8commands21process_missing_block00B7_
FNDA:0,_RNCNCNvNtCs1UgwbsbadXT_17fossil_headers_db8commands21process_missing_block0s_0B7_
FNDA:0,_RNCNCNvNtCs1UgwbsbadXT_17fossil_headers_db8commands9fill_gaps00B7_
FNDA:0,_RNCNvNtCs1UgwbsbadXT_17fossil_headers_db8commands11update_from0B5_
FNDA:0,_RNCNvNtCs1UgwbsbadXT_17fossil_headers_db8commands13get_range_end0B5_
FNDA:0,_RNCNvNtCs1UgwbsbadXT_17fossil_headers_db8commands13process_block0B5_
FNDA:0,_RNCNvNtCs1UgwbsbadXT_17fossil_headers_db8commands13update_blocks0B5_
FNDA:0,_RNCNvNtCs1UgwbsbadXT_17fossil_headers_db8commands14fill_null_rows0B5_
FNDA:0,_RNCNvNtCs1UgwbsbadXT_17fossil_headers_db8commands14get_last_block0B5_
FNDA:0,_RNCNvNtCs1UgwbsbadXT_17fossil_headers_db8commands19chain_update_blocks0B5_
FNDA:0,_RNCNvNtCs1UgwbsbadXT_17fossil_headers_db8commands19process_block_range0B5_
FNDA:0,_RNCNvNtCs1UgwbsbadXT_17fossil_headers_db8commands19process_null_blocks0B5_
FNDA:0,_RNCNvNtCs1UgwbsbadXT_17fossil_headers_db8commands21process_missing_block0B5_
FNDA:0,_RNCNvNtCs1UgwbsbadXT_17fossil_headers_db8commands21retry_block_retrieval0B5_
FNDA:0,_RNCNvNtCs1UgwbsbadXT_17fossil_headers_db8commands23get_first_missing_block0B5_
FNDA:0,_RNCNvNtCs1UgwbsbadXT_17fossil_headers_db8commands24attempt_block_processing0B5_
FNDA:0,_RNCNvNtCs1UgwbsbadXT_17fossil_headers_db8commands25apply_exponential_backoff0B5_
FNDA:0,_RNCNvNtCs1UgwbsbadXT_17fossil_headers_db8commands28apply_backpressure_if_needed0B5_
FNDA:0,_RNCNvNtCs1UgwbsbadXT_17fossil_headers_db8commands28fill_missing_blocks_in_range0B5_
FNDA:0,_RNCNvNtCs1UgwbsbadXT_17fossil_headers_db8commands9fill_gaps0B5_
FNDA:0,_RNvNtCs1UgwbsbadXT_17fossil_headers_db8commands11update_from
FNDA:0,_RNvNtCs1UgwbsbadXT_17fossil_headers_db8commands13get_range_end
FNDA:0,_RNvNtCs1UgwbsbadXT_17fossil_headers_db8commands13process_block
FNDA:0,_RNvNtCs1UgwbsbadXT_17fossil_headers_db8commands13update_blocks
FNDA:0,_RNvNtCs1UgwbsbadXT_17fossil_headers_db8commands14fill_null_rows
FNDA:0,_RNvNtCs1UgwbsbadXT_17fossil_headers_db8commands14get_last_block
FNDA:0,_RNvNtCs1UgwbsbadXT_17fossil_headers_db8commands19calculate_range_end
FNDA:0,_RNvNtCs1UgwbsbadXT_17fossil_headers_db8commands19chain_update_blocks
FNDA:0,_RNvNtCs1UgwbsbadXT_17fossil_headers_db8commands19process_block_range
FNDA:0,_RNvNtCs1UgwbsbadXT_17fossil_headers_db8commands19process_null_blocks
FNDA:0,_RNvNtCs1UgwbsbadXT_17fossil_headers_db8commands20log_success_if_retry
FNDA:0,_RNvNtCs1UgwbsbadXT_17fossil_headers_db8commands21process_missing_block
FNDA:0,_RNvNtCs1UgwbsbadXT_17fossil_headers_db8commands21retry_block_retrieval
FNDA:0,_RNvNtCs1UgwbsbadXT_17fossil_headers_db8commands23get_first_missing_block
FNDA:0,_RNvNtCs1UgwbsbadXT_17fossil_headers_db8commands23handle_batch_completion
FNDA:0,_RNvNtCs1UgwbsbadXT_17fossil_headers_db8commands24attempt_block_processing
FNDA:0,_RNvNtCs1UgwbsbadXT_17fossil_headers_db8commands25apply_exponential_backoff
FNDA:0,_RNvNtCs1UgwbsbadXT_17fossil_headers_db8commands28apply_backpressure_if_needed
FNDA:0,_RNvNtCs1UgwbsbadXT_17fossil_headers_db8commands28fill_missing_blocks_in_range
FNDA:0,_RNvNtCs1UgwbsbadXT_17fossil_headers_db8commands9fill_gaps
FNDA:0,_RNCNCNCNCNvNtCsbxLqOPlq5Lb_17fossil_headers_db8commands19process_block_range0000Cs6REryQKdS9y_17fossil_headers_db
FNDA:0,_RNCNCNCNCNvNtCsbxLqOPlq5Lb_17fossil_headers_db8commands19process_block_range000s_0Cs6REryQKdS9y_17fossil_headers_db
FNDA:0,_RNCNCNCNvNtCsbxLqOPlq5Lb_17fossil_headers_db8commands19process_block_range000Cs6REryQKdS9y_17fossil_headers_db
FNDA:0,_RNCNCNvNtCsbxLqOPlq5Lb_17fossil_headers_db8commands14get_last_block00Cs6REryQKdS9y_17fossil_headers_db
FNDA:0,_RNCNCNvNtCsbxLqOPlq5Lb_17fossil_headers_db8commands19process_block_range00Cs6REryQKdS9y_17fossil_headers_db
FNDA:0,_RNCNCNvNtCsbxLqOPlq5Lb_17fossil_headers_db8commands21process_missing_block00Cs6REryQKdS9y_17fossil_headers_db
FNDA:0,_RNCNCNvNtCsbxLqOPlq5Lb_17fossil_headers_db8commands21process_missing_block0s_0Cs6REryQKdS9y_17fossil_headers_db
FNDA:0,_RNCNCNvNtCsbxLqOPlq5Lb_17fossil_headers_db8commands9fill_gaps00Cs6REryQKdS9y_17fossil_headers_db
FNDA:0,_RNCNvNtCsbxLqOPlq5Lb_17fossil_headers_db8commands11update_from0Cs6REryQKdS9y_17fossil_headers_db
FNDA:0,_RNCNvNtCsbxLqOPlq5Lb_17fossil_headers_db8commands13get_range_end0Cs6REryQKdS9y_17fossil_headers_db
FNDA:0,_RNCNvNtCsbxLqOPlq5Lb_17fossil_headers_db8commands13process_block0Cs6REryQKdS9y_17fossil_headers_db
FNDA:0,_RNCNvNtCsbxLqOPlq5Lb_17fossil_headers_db8commands13update_blocks0Cs6REryQKdS9y_17fossil_headers_db
FNDA:0,_RNCNvNtCsbxLqOPlq5Lb_17fossil_headers_db8commands14fill_null_rows0Cs6REryQKdS9y_17fossil_headers_db
FNDA:0,_RNCNvNtCsbxLqOPlq5Lb_17fossil_headers_db8commands14get_last_block0Cs6REryQKdS9y_17fossil_headers_db
FNDA:0,_RNCNvNtCsbxLqOPlq5Lb_17fossil_headers_db8commands19chain_update_blocks0Cs6REryQKdS9y_17fossil_headers_db
FNDA:0,_RNCNvNtCsbxLqOPlq5Lb_17fossil_headers_db8commands19process_block_range0Cs6REryQKdS9y_17fossil_headers_db
FNDA:0,_RNCNvNtCsbxLqOPlq5Lb_17fossil_headers_db8commands19process_null_blocks0Cs6REryQKdS9y_17fossil_headers_db
FNDA:0,_RNCNvNtCsbxLqOPlq5Lb_17fossil_headers_db8commands21process_missing_block0Cs6REryQKdS9y_17fossil_headers_db
FNDA:0,_RNCNvNtCsbxLqOPlq5Lb_17fossil_headers_db8commands21retry_block_retrieval0Cs6REryQKdS9y_17fossil_headers_db
FNDA:0,_RNCNvNtCsbxLqOPlq5Lb_17fossil_headers_db8commands23get_first_missing_block0Cs6REryQKdS9y_17fossil_headers_db
FNDA:0,_RNCNvNtCsbxLqOPlq5Lb_17fossil_headers_db8commands24attempt_block_processing0Cs6REryQKdS9y_17fossil_headers_db
FNDA:0,_RNCNvNtCsbxLqOPlq5Lb_17fossil_headers_db8commands25apply_exponential_backoff0Cs6REryQKdS9y_17fossil_headers_db
FNDA:0,_RNCNvNtCsbxLqOPlq5Lb_17fossil_headers_db8commands28apply_backpressure_if_needed0Cs6REryQKdS9y_17fossil_headers_db
FNDA:0,_RNCNvNtCsbxLqOPlq5Lb_17fossil_headers_db8commands28fill_missing_blocks_in_range0Cs6REryQKdS9y_17fossil_headers_db
FNDA:0,_RNCNvNtCsbxLqOPlq5Lb_17fossil_headers_db8commands9fill_gaps0Cs6REryQKdS9y_17fossil_headers_db
FNDA:0,_RNCNCNCNCNvNtCsbxLqOPlq5Lb_17fossil_headers_db8commands19process_block_range0000Bb_
FNDA:0,_RNCNCNCNCNvNtCsbxLqOPlq5Lb_17fossil_headers_db8commands19process_block_range000s_0Bb_
FNDA:0,_RNCNCNCNvNtCsbxLqOPlq5Lb_17fossil_headers_db8commands19process_block_range000B9_
FNDA:0,_RNCNCNvNtCsbxLqOPlq5Lb_17fossil_headers_db8commands14get_last_block00B7_
FNDA:0,_RNCNCNvNtCsbxLqOPlq5Lb_17fossil_headers_db8commands19process_block_range00B7_
FNDA:0,_RNCNCNvNtCsbxLqOPlq5Lb_17fossil_headers_db8commands21process_missing_block00B7_
FNDA:0,_RNCNCNvNtCsbxLqOPlq5Lb_17fossil_headers_db8commands21process_missing_block0s_0B7_
FNDA:0,_RNCNCNvNtCsbxLqOPlq5Lb_17fossil_headers_db8commands9fill_gaps00B7_
FNDA:0,_RNCNvNtCsbxLqOPlq5Lb_17fossil_headers_db8commands11update_from0B5_
FNDA:0,_RNCNvNtCsbxLqOPlq5Lb_17fossil_headers_db8commands13get_range_end0B5_
FNDA:0,_RNCNvNtCsbxLqOPlq5Lb_17fossil_headers_db8commands13process_block0B5_
FNDA:0,_RNCNvNtCsbxLqOPlq5Lb_17fossil_headers_db8commands13update_blocks0B5_
FNDA:0,_RNCNvNtCsbxLqOPlq5Lb_17fossil_headers_db8commands14fill_null_rows0B5_
FNDA:0,_RNCNvNtCsbxLqOPlq5Lb_17fossil_headers_db8commands14get_last_block0B5_
FNDA:0,_RNCNvNtCsbxLqOPlq5Lb_17fossil_headers_db8commands19chain_update_blocks0B5_
FNDA:0,_RNCNvNtCsbxLqOPlq5Lb_17fossil_headers_db8commands19process_block_range0B5_
FNDA:0,_RNCNvNtCsbxLqOPlq5Lb_17fossil_headers_db8commands19process_null_blocks0B5_
FNDA:0,_RNCNvNtCsbxLqOPlq5Lb_17fossil_headers_db8commands21process_missing_block0B5_
FNDA:0,_RNCNvNtCsbxLqOPlq5Lb_17fossil_headers_db8commands21retry_block_retrieval0B5_
FNDA:0,_RNCNvNtCsbxLqOPlq5Lb_17fossil_headers_db8commands23get_first_missing_block0B5_
FNDA:0,_RNCNvNtCsbxLqOPlq5Lb_17fossil_headers_db8commands24attempt_block_processing0B5_
FNDA:0,_RNCNvNtCsbxLqOPlq5Lb_17fossil_headers_db8commands25apply_exponential_backoff0B5_
FNDA:0,_RNCNvNtCsbxLqOPlq5Lb_17fossil_headers_db8commands28apply_backpressure_if_needed0B5_
FNDA:0,_RNCNvNtCsbxLqOPlq5Lb_17fossil_headers_db8commands28fill_missing_blocks_in_range0B5_
FNDA:0,_RNCNvNtCsbxLqOPlq5Lb_17fossil_headers_db8commands9fill_gaps0B5_
FNDA:0,_RNvNtCsbxLqOPlq5Lb_17fossil_headers_db8commands11update_from
FNDA:0,_RNvNtCsbxLqOPlq5Lb_17fossil_headers_db8commands13get_range_end
FNDA:0,_RNvNtCsbxLqOPlq5Lb_17fossil_headers_db8commands13process_block
FNDA:0,_RNvNtCsbxLqOPlq5Lb_17fossil_headers_db8commands13update_blocks
FNDA:0,_RNvNtCsbxLqOPlq5Lb_17fossil_headers_db8commands14fill_null_rows
FNDA:0,_RNvNtCsbxLqOPlq5Lb_17fossil_headers_db8commands14get_last_block
FNDA:0,_RNvNtCsbxLqOPlq5Lb_17fossil_headers_db8commands19calculate_range_end
FNDA:0,_RNvNtCsbxLqOPlq5Lb_17fossil_headers_db8commands19chain_update_blocks
FNDA:0,_RNvNtCsbxLqOPlq5Lb_17fossil_headers_db8commands19process_block_range
FNDA:0,_RNvNtCsbxLqOPlq5Lb_17fossil_headers_db8commands19process_null_blocks
FNDA:0,_RNvNtCsbxLqOPlq5Lb_17fossil_headers_db8commands20log_success_if_retry
FNDA:0,_RNvNtCsbxLqOPlq5Lb_17fossil_headers_db8commands21process_missing_block
FNDA:0,_RNvNtCsbxLqOPlq5Lb_17fossil_headers_db8commands21retry_block_retrieval
FNDA:0,_RNvNtCsbxLqOPlq5Lb_17fossil_headers_db8commands23get_first_missing_block
FNDA:0,_RNvNtCsbxLqOPlq5Lb_17fossil_headers_db8commands23handle_batch_completion
FNDA:0,_RNvNtCsbxLqOPlq5Lb_17fossil_headers_db8commands24attempt_block_processing
FNDA:0,_RNvNtCsbxLqOPlq5Lb_17fossil_headers_db8commands25apply_exponential_backoff
FNDA:0,_RNvNtCsbxLqOPlq5Lb_17fossil_headers_db8commands28apply_backpressure_if_needed
FNDA:0,_RNvNtCsbxLqOPlq5Lb_17fossil_headers_db8commands28fill_missing_blocks_in_range
FNDA:0,_RNvNtCsbxLqOPlq5Lb_17fossil_headers_db8commands9fill_gaps
FNF:45
FNH:0
DA:78,0
DA:79,0
DA:80,0
DA:81,0
DA:82,0
DA:83,0
DA:84,0
DA:86,0
DA:87,0
DA:88,0
DA:89,0
DA:91,0
DA:92,0
DA:93,0
DA:95,0
DA:96,0
DA:97,0
DA:98,0
DA:99,0
DA:101,0
DA:102,0
DA:103,0
DA:104,0
DA:105,0
DA:106,0
DA:107,0
DA:109,0
DA:110,0
DA:112,0
DA:113,0
DA:114,0
DA:116,0
DA:117,0
DA:118,0
DA:120,0
DA:121,0
DA:124,0
DA:128,0
DA:129,0
DA:131,0
DA:132,0
DA:133,0
DA:134,0
DA:135,0
DA:136,0
DA:138,0
DA:139,0
DA:141,0
DA:143,0
DA:145,0
DA:146,0
DA:148,0
DA:149,0
DA:150,0
DA:151,0
DA:152,0
DA:153,0
DA:154,0
DA:158,0
DA:159,0
DA:161,0
DA:162,0
DA:164,0
DA:165,0
DA:166,0
DA:167,0
DA:168,0
DA:169,0
DA:170,0
DA:171,0
DA:173,0
DA:175,0
DA:176,0
DA:177,0
DA:178,0
DA:182,0
DA:183,0
DA:184,0
DA:185,0
DA:186,0
DA:187,0
DA:191,0
DA:194,0
DA:195,0
DA:196,0
DA:197,0
DA:198,0
DA:200,0
DA:201,0
DA:202,0
DA:203,0
DA:204,0
DA:206,0
DA:208,0
DA:209,0
DA:210,0
DA:211,0
DA:213,0
DA:214,0
DA:215,0
DA:216,0
DA:217,0
DA:218,0
DA:219,0
DA:220,0
DA:221,0
DA:222,0
DA:223,0
DA:224,0
DA:225,0
DA:227,0
DA:229,0
DA:230,0
DA:231,0
DA:232,0
DA:233,0
DA:236,0
DA:239,0
DA:240,0
DA:244,0
DA:245,0
DA:246,0
DA:247,0
DA:248,0
DA:249,0
DA:250,0
DA:251,0
DA:252,0
DA:253,0
DA:254,0
DA:255,0
DA:256,0
DA:258,0
DA:260,0
DA:261,0
DA:262,0
DA:263,0
DA:265,0
DA:267,0
DA:268,0
DA:269,0
DA:270,0
DA:271,0
DA:272,0
DA:273,0
DA:274,0
DA:276,0
DA:277,0
DA:279,0
DA:280,0
DA:281,0
DA:283,0
DA:285,0
DA:286,0
DA:287,0
DA:288,0
DA:289,0
DA:290,0
DA:292,0
DA:293,0
DA:294,0
DA:295,0
DA:297,0
DA:300,0
DA:301,0
DA:302,0
DA:304,0
DA:305,0
DA:306,0
DA:307,0
DA:308,0
DA:309,0
DA:310,0
DA:311,0
DA:312,0
DA:315,0
DA:319,0
DA:320,0
DA:322,0
DA:323,0
DA:324,0
DA:325,0
DA:326,0
DA:327,0
DA:328,0
DA:330,0
DA:332,0
DA:333,0
DA:335,0
DA:336,0
DA:337,0
DA:338,0
DA:340,0
DA:342,0
DA:343,0
DA:345,0
DA:346,0
DA:348,0
DA:349,0
DA:350,0
DA:352,0
DA:353,0
DA:355,0
DA:356,0
DA:357,0
DA:359,0
DA:361,0
DA:362,0
DA:364,0
DA:365,0
DA:366,0
DA:367,0
DA:368,0
DA:370,0
DA:373,0
DA:374,0
DA:375,0
DA:376,0
DA:377,0
DA:379,0
DA:380,0
DA:381,0
DA:382,0
DA:383,0
DA:384,0
DA:385,0
DA:386,0
DA:387,0
DA:390,0
DA:394,0
DA:396,0
DA:397,0
DA:399,0
DA:400,0
DA:401,0
DA:404,0
DA:406,0
DA:407,0
DA:408,0
DA:409,0
DA:410,0
DA:412,0
DA:413,0
DA:415,0
DA:416,0
DA:417,0
DA:418,0
DA:420,0
DA:422,0
DA:423,0
DA:425,0
DA:426,0
DA:427,0
DA:429,0
DA:431,0
DA:432,0
DA:434,0
DA:435,0
DA:436,0
DA:437,0
DA:438,0
DA:439,0
DA:440,0
DA:441,0
DA:442,0
DA:443,0
DA:444,0
DA:445,0
DA:446,0
DA:448,0
DA:449,0
DA:450,0
DA:451,0
DA:452,0
DA:453,0
DA:454,0
DA:455,0
DA:457,0
DA:458,0
DA:459,0
DA:460,0
DA:462,0
DA:464,0
DA:465,0
DA:467,0
DA:468,0
DA:469,0
DA:470,0
DA:471,0
DA:472,0
DA:473,0
DA:474,0
DA:475,0
DA:477,0
DA:478,0
DA:479,0
DA:484,0
DA:485,0
DA:487,0
DA:488,0
DA:489,0
DA:490,0
DA:491,0
DA:492,0
DA:493,0
DA:494,0
DA:495,0
DA:498,0
DA:500,0
DA:501,0
DA:502,0
DA:503,0
DA:506,0
DA:508,0
DA:509,0
DA:510,0
DA:511,0
DA:514,0
DA:515,0
DA:516,0
DA:518,0
DA:519,0
DA:521,0
DA:522,0
DA:523,0
DA:524,0
DA:525,0
DA:526,0
DA:527,0
DA:528,0
DA:529,0
DA:532,0
DA:533,0
DA:535,0
DA:536,0
DA:539,0
DA:543,0
DA:544,0
BRF:0
BRH:0
LF:362
LH:0
end_of_record
SF:/home/ametel/source/fossil-headers-db/src/commands/tests.rs
FN:96,_RNvNtNtNtNtCs1UgwbsbadXT_17fossil_headers_db8commands5tests10unit_tests17termination_testss_26test_immediate_termination
FN:86,_RNvNtNtNtNtCs1UgwbsbadXT_17fossil_headers_db8commands5tests10unit_tests17termination_testss_32test_termination_signal_creation
FN:71,_RNvNtNtNtNtCs1UgwbsbadXT_17fossil_headers_db8commands5tests10unit_tests20business_logic_testss_23test_duration_constants
FN:58,_RNvNtNtNtNtCs1UgwbsbadXT_17fossil_headers_db8commands5tests10unit_tests20business_logic_testss_27test_atomic_bool_operations
FN:49,_RNvNtNtNtNtCs1UgwbsbadXT_17fossil_headers_db8commands5tests10unit_tests20business_logic_testss_28test_block_number_validation
FN:71,_RNCNvNtNtNtNtCs1UgwbsbadXT_17fossil_headers_db8commands5tests10unit_tests20business_logic_testss_23test_duration_constants0Bb_
FN:58,_RNCNvNtNtNtNtCs1UgwbsbadXT_17fossil_headers_db8commands5tests10unit_tests20business_logic_testss_27test_atomic_bool_operations0Bb_
FN:49,_RNCNvNtNtNtNtCs1UgwbsbadXT_17fossil_headers_db8commands5tests10unit_tests20business_logic_testss_28test_block_number_validation0Bb_
FN:39,_RNvNtNtNtNtCs1UgwbsbadXT_17fossil_headers_db8commands5tests10unit_tests15constants_testss_19test_retry_constant
FN:28,_RNvNtNtNtNtCs1UgwbsbadXT_17fossil_headers_db8commands5tests10unit_tests15constants_testss_22test_timeout_constants
FN:21,_RNvNtNtNtNtCs1UgwbsbadXT_17fossil_headers_db8commands5tests10unit_tests15constants_testss_34test_max_concurrent_tasks_constant
FNDA:1,_RNvNtNtNtNtCs1UgwbsbadXT_17fossil_headers_db8commands5tests10unit_tests17termination_testss_26test_immediate_termination
FNDA:1,_RNvNtNtNtNtCs1UgwbsbadXT_17fossil_headers_db8commands5tests10unit_tests17termination_testss_32test_termination_signal_creation
FNDA:1,_RNvNtNtNtNtCs1UgwbsbadXT_17fossil_headers_db8commands5tests10unit_tests20business_logic_testss_23test_duration_constants
FNDA:1,_RNvNtNtNtNtCs1UgwbsbadXT_17fossil_headers_db8commands5tests10unit_tests20business_logic_testss_27test_atomic_bool_operations
FNDA:1,_RNvNtNtNtNtCs1UgwbsbadXT_17fossil_headers_db8commands5tests10unit_tests20business_logic_testss_28test_block_number_validation
FNDA:1,_RNCNvNtNtNtNtCs1UgwbsbadXT_17fossil_headers_db8commands5tests10unit_tests20business_logic_testss_23test_duration_constants0Bb_
FNDA:1,_RNCNvNtNtNtNtCs1UgwbsbadXT_17fossil_headers_db8commands5tests10unit_tests20business_logic_testss_27test_atomic_bool_operations0Bb_
FNDA:1,_RNCNvNtNtNtNtCs1UgwbsbadXT_17fossil_headers_db8commands5tests10unit_tests20business_logic_testss_28test_block_number_validation0Bb_
FNDA:1,_RNvNtNtNtNtCs1UgwbsbadXT_17fossil_headers_db8commands5tests10unit_tests15constants_testss_19test_retry_constant
FNDA:1,_RNvNtNtNtNtCs1UgwbsbadXT_17fossil_headers_db8commands5tests10unit_tests15constants_testss_22test_timeout_constants
FNDA:1,_RNvNtNtNtNtCs1UgwbsbadXT_17fossil_headers_db8commands5tests10unit_tests15constants_testss_34test_max_concurrent_tasks_constant
FNF:11
FNH:11
DA:21,1
DA:22,1
DA:23,1
DA:24,1
DA:28,1
DA:29,1
DA:30,1
DA:31,1
DA:33,1
DA:34,1
DA:35,1
DA:39,1
DA:40,1
DA:41,1
DA:42,1
DA:49,1
DA:50,1
DA:51,1
DA:53,1
DA:54,1
DA:55,1
DA:58,1
DA:59,1
DA:61,1
DA:63,1
DA:64,1
DA:66,1
DA:67,1
DA:68,1
DA:71,1
DA:72,1
DA:73,1
DA:74,1
DA:76,1
DA:77,1
DA:78,1
DA:79,1
DA:86,1
DA:87,1
DA:88,1
DA:90,1
DA:91,1
DA:92,1
DA:93,1
DA:96,1
DA:97,1
DA:98,1
DA:99,1
BRF:0
BRH:0
LF:54
LH:54
end_of_record
SF:/home/ametel/source/fossil-headers-db/src/db/mod.rs
FN:572,_RNvMNtCs1UgwbsbadXT_17fossil_headers_db2dbNtB2_12DbConnection3new
FN:596,_RNvNtNtCs1UgwbsbadXT_17fossil_headers_db2db17integration_tests22get_test_db_connection
FN:603,_RNvNtNtCs1UgwbsbadXT_17fossil_headers_db2db17integration_testss_38test_should_successfully_initialize_db
FN:611,_RNvNtNtCs1UgwbsbadXT_17fossil_headers_db2db17integration_testss_45test_should_fail_if_incorrect_db_url_provided
FN:529,_RINvNtCs1UgwbsbadXT_17fossil_headers_db2db11retry_asyncppEB4_
FN:532,_RNCINvNtCs1UgwbsbadXT_17fossil_headers_db2db11retry_asyncppE0B6_
FN:249,_RNCNCNCNCNvNtCs1UgwbsbadXT_17fossil_headers_db2db27get_last_stored_blocknumber0000Bb_
FN:462,_RNCNCNCNvNtCs1UgwbsbadXT_17fossil_headers_db2db19insert_transactions000B9_
FN:464,_RNCNCNCNvNtCs1UgwbsbadXT_17fossil_headers_db2db19insert_transactions00s_0B9_
FN:243,_RNCNCNCNvNtCs1UgwbsbadXT_17fossil_headers_db2db27get_last_stored_blocknumber000B9_
FN:123,_RNCNCNvNtCs1UgwbsbadXT_17fossil_headers_db2db11get_db_pool00B7_
FN:143,_RNCNCNvNtCs1UgwbsbadXT_17fossil_headers_db2db11get_db_pool0s0_0B7_
FN:153,_RNCNCNvNtCs1UgwbsbadXT_17fossil_headers_db2db11get_db_pool0s1_0B7_
FN:130,_RNCNCNvNtCs1UgwbsbadXT_17fossil_headers_db2db11get_db_pool0s_0B7_
FN:323,_RNCNCNvNtCs1UgwbsbadXT_17fossil_headers_db2db14find_first_gap00B7_
FN:325,_RNCNCNvNtCs1UgwbsbadXT_17fossil_headers_db2db14find_first_gap0s_0B7_
FN:359,_RNCNCNvNtCs1UgwbsbadXT_17fossil_headers_db2db14find_null_data00B7_
FN:363,_RNCNCNvNtCs1UgwbsbadXT_17fossil_headers_db2db14find_null_data0s_0B7_
FN:523,_RNCNCNvNtCs1UgwbsbadXT_17fossil_headers_db2db17write_blockheader00B7_
FN:194,_RNCNCNvNtCs1UgwbsbadXT_17fossil_headers_db2db19check_db_connection00B7_
FN:200,_RNCNCNvNtCs1UgwbsbadXT_17fossil_headers_db2db19check_db_connection0s_0B7_
FN:430,_RNCNCNvNtCs1UgwbsbadXT_17fossil_headers_db2db19insert_block_header00B7_
FN:460,_RNCNCNvNtCs1UgwbsbadXT_17fossil_headers_db2db19insert_transactions00B7_
FN:500,_RNCNCNvNtCs1UgwbsbadXT_17fossil_headers_db2db19insert_transactions0s0_0B7_
FN:482,_RNCNCNvNtCs1UgwbsbadXT_17fossil_headers_db2db19insert_transactions0s_0B7_
FN:242,_RNCNCNvNtCs1UgwbsbadXT_17fossil_headers_db2db27get_last_stored_blocknumber00B7_
FN:118,_RNCNvNtCs1UgwbsbadXT_17fossil_headers_db2db11get_db_pool0B5_
FN:305,_RNCNvNtCs1UgwbsbadXT_17fossil_headers_db2db14find_first_gap0B5_
FN:332,_RNCNvNtCs1UgwbsbadXT_17fossil_headers_db2db14find_null_data0B5_
FN:512,_RNCNvNtCs1UgwbsbadXT_17fossil_headers_db2db17write_blockheader0B5_
FN:193,_RNCNvNtCs1UgwbsbadXT_17fossil_headers_db2db19check_db_connection0B5_
FN:370,_RNCNvNtCs1UgwbsbadXT_17fossil_headers_db2db19insert_block_header0B5_
FN:452,_RNCNvNtCs1UgwbsbadXT_17fossil_headers_db2db19insert_transactions0B5_
FN:238,_RNCNvNtCs1UgwbsbadXT_17fossil_headers_db2db27get_last_stored_blocknumber0B5_
FN:118,_RNvNtCs1UgwbsbadXT_17fossil_headers_db2db11get_db_pool
FN:305,_RNvNtCs1UgwbsbadXT_17fossil_headers_db2db14find_first_gap
FN:332,_RNvNtCs1UgwbsbadXT_17fossil_headers_db2db14find_null_data
FN:512,_RNvNtCs1UgwbsbadXT_17fossil_headers_db2db17write_blockheader
FN:554,_RNvNtCs1UgwbsbadXT_17fossil_headers_db2db18is_transient_error
FN:193,_RNvNtCs1UgwbsbadXT_17fossil_headers_db2db19check_db_connection
FN:367,_RNvNtCs1UgwbsbadXT_17fossil_headers_db2db19insert_block_header
FN:449,_RNvNtCs1UgwbsbadXT_17fossil_headers_db2db19insert_transactions
FN:238,_RNvNtCs1UgwbsbadXT_17fossil_headers_db2db27get_last_stored_blocknumber
FN:572,_RNCNvMNtCs1UgwbsbadXT_17fossil_headers_db2dbNtB4_12DbConnection3new0B6_
FN:597,_RNCNvNtNtCs1UgwbsbadXT_17fossil_headers_db2db17integration_tests22get_test_db_connection0B7_
FN:603,_RNCNvNtNtCs1UgwbsbadXT_17fossil_headers_db2db17integration_testss_38test_should_successfully_initialize_db0B7_
FN:611,_RNCNvNtNtCs1UgwbsbadXT_17fossil_headers_db2db17integration_testss_45test_should_fail_if_incorrect_db_url_provided0B7_
FN:529,_RINvNtCsbxLqOPlq5Lb_17fossil_headers_db2db11retry_asyncNCNCNvB2_27get_last_stored_blocknumber00NtNtB4_5types11BlockNumberECs6REryQKdS9y_17fossil_headers_db
FN:532,_RNCINvNtCsbxLqOPlq5Lb_17fossil_headers_db2db11retry_asyncNCNCNvB4_27get_last_stored_blocknumber00NtNtB6_5types11BlockNumberE0Cs6REryQKdS9y_17fossil_headers_db
FN:249,_RNCNCNCNCNvNtCsbxLqOPlq5Lb_17fossil_headers_db2db27get_last_stored_blocknumber0000Cs6REryQKdS9y_17fossil_headers_db
FN:462,_RNCNCNCNvNtCsbxLqOPlq5Lb_17fossil_headers_db2db19insert_transactions000Cs6REryQKdS9y_17fossil_headers_db
FN:464,_RNCNCNCNvNtCsbxLqOPlq5Lb_17fossil_headers_db2db19insert_transactions00s_0Cs6REryQKdS9y_17fossil_headers_db
FN:243,_RNCNCNCNvNtCsbxLqOPlq5Lb_17fossil_headers_db2db27get_last_stored_blocknumber000Cs6REryQKdS9y_17fossil_headers_db
FN:323,_RNCNCNvNtCsbxLqOPlq5Lb_17fossil_headers_db2db14find_first_gap00Cs6REryQKdS9y_17fossil_headers_db
FN:325,_RNCNCNvNtCsbxLqOPlq5Lb_17fossil_headers_db2db14find_first_gap0s_0Cs6REryQKdS9y_17fossil_headers_db
FN:359,_RNCNCNvNtCsbxLqOPlq5Lb_17fossil_headers_db2db14find_null_data00Cs6REryQKdS9y_17fossil_headers_db
FN:363,_RNCNCNvNtCsbxLqOPlq5Lb_17fossil_headers_db2db14find_null_data0s_0Cs6REryQKdS9y_17fossil_headers_db
FN:523,_RNCNCNvNtCsbxLqOPlq5Lb_17fossil_headers_db2db17write_blockheader00Cs6REryQKdS9y_17fossil_headers_db
FN:430,_RNCNCNvNtCsbxLqOPlq5Lb_17fossil_headers_db2db19insert_block_header00Cs6REryQKdS9y_17fossil_headers_db
FN:460,_RNCNCNvNtCsbxLqOPlq5Lb_17fossil_headers_db2db19insert_transactions00Cs6REryQKdS9y_17fossil_headers_db
FN:500,_RNCNCNvNtCsbxLqOPlq5Lb_17fossil_headers_db2db19insert_transactions0s0_0Cs6REryQKdS9y_17fossil_headers_db
FN:482,_RNCNCNvNtCsbxLqOPlq5Lb_17fossil_headers_db2db19insert_transactions0s_0Cs6REryQKdS9y_17fossil_headers_db
FN:242,_RNCNCNvNtCsbxLqOPlq5Lb_17fossil_headers_db2db27get_last_stored_blocknumber00Cs6REryQKdS9y_17fossil_headers_db
FN:305,_RNCNvNtCsbxLqOPlq5Lb_17fossil_headers_db2db14find_first_gap0Cs6REryQKdS9y_17fossil_headers_db
FN:332,_RNCNvNtCsbxLqOPlq5Lb_17fossil_headers_db2db14find_null_data0Cs6REryQKdS9y_17fossil_headers_db
FN:512,_RNCNvNtCsbxLqOPlq5Lb_17fossil_headers_db2db17write_blockheader0Cs6REryQKdS9y_17fossil_headers_db
FN:370,_RNCNvNtCsbxLqOPlq5Lb_17fossil_headers_db2db19insert_block_header0Cs6REryQKdS9y_17fossil_headers_db
FN:452,_RNCNvNtCsbxLqOPlq5Lb_17fossil_headers_db2db19insert_transactions0Cs6REryQKdS9y_17fossil_headers_db
FN:238,_RNCNvNtCsbxLqOPlq5Lb_17fossil_headers_db2db27get_last_stored_blocknumber0Cs6REryQKdS9y_17fossil_headers_db
FN:529,_RINvNtCsbxLqOPlq5Lb_17fossil_headers_db2db11retry_asyncppEB4_
FN:532,_RNCINvNtCsbxLqOPlq5Lb_17fossil_headers_db2db11retry_asyncppE0B6_
FN:249,_RNCNCNCNCNvNtCsbxLqOPlq5Lb_17fossil_headers_db2db27get_last_stored_blocknumber0000Bb_
FN:462,_RNCNCNCNvNtCsbxLqOPlq5Lb_17fossil_headers_db2db19insert_transactions000B9_
FN:464,_RNCNCNCNvNtCsbxLqOPlq5Lb_17fossil_headers_db2db19insert_transactions00s_0B9_
FN:243,_RNCNCNCNvNtCsbxLqOPlq5Lb_17fossil_headers_db2db27get_last_stored_blocknumber000B9_
FN:323,_RNCNCNvNtCsbxLqOPlq5Lb_17fossil_headers_db2db14find_first_gap00B7_
FN:325,_RNCNCNvNtCsbxLqOPlq5Lb_17fossil_headers_db2db14find_first_gap0s_0B7_
FN:359,_RNCNCNvNtCsbxLqOPlq5Lb_17fossil_headers_db2db14find_null_data00B7_
FN:363,_RNCNCNvNtCsbxLqOPlq5Lb_17fossil_headers_db2db14find_null_data0s_0B7_
FN:523,_RNCNCNvNtCsbxLqOPlq5Lb_17fossil_headers_db2db17write_blockheader00B7_
FN:430,_RNCNCNvNtCsbxLqOPlq5Lb_17fossil_headers_db2db19insert_block_header00B7_
FN:460,_RNCNCNvNtCsbxLqOPlq5Lb_17fossil_headers_db2db19insert_transactions00B7_
FN:500,_RNCNCNvNtCsbxLqOPlq5Lb_17fossil_headers_db2db19insert_transactions0s0_0B7_
FN:482,_RNCNCNvNtCsbxLqOPlq5Lb_17fossil_headers_db2db19insert_transactions0s_0B7_
FN:242,_RNCNCNvNtCsbxLqOPlq5Lb_17fossil_headers_db2db27get_last_stored_blocknumber00B7_
FN:572,_RNCNvMNtCsbxLqOPlq5Lb_17fossil_headers_db2dbNtB4_12DbConnection3new0B6_
FN:305,_RNCNvNtCsbxLqOPlq5Lb_17fossil_headers_db2db14find_first_gap0B5_
FN:332,_RNCNvNtCsbxLqOPlq5Lb_17fossil_headers_db2db14find_null_data0B5_
FN:512,_RNCNvNtCsbxLqOPlq5Lb_17fossil_headers_db2db17write_blockheader0B5_
FN:370,_RNCNvNtCsbxLqOPlq5Lb_17fossil_headers_db2db19insert_block_header0B5_
FN:452,_RNCNvNtCsbxLqOPlq5Lb_17fossil_headers_db2db19insert_transactions0B5_
FN:238,_RNCNvNtCsbxLqOPlq5Lb_17fossil_headers_db2db27get_last_stored_blocknumber0B5_
FN:572,_RNvMNtCsbxLqOPlq5Lb_17fossil_headers_db2dbNtB2_12DbConnection3new
FN:118,_RNvNtCsbxLqOPlq5Lb_17fossil_headers_db2db11get_db_pool
FN:305,_RNvNtCsbxLqOPlq5Lb_17fossil_headers_db2db14find_first_gap
FN:332,_RNvNtCsbxLqOPlq5Lb_17fossil_headers_db2db14find_null_data
FN:512,_RNvNtCsbxLqOPlq5Lb_17fossil_headers_db2db17write_blockheader
FN:554,_RNvNtCsbxLqOPlq5Lb_17fossil_headers_db2db18is_transient_error
FN:193,_RNvNtCsbxLqOPlq5Lb_17fossil_headers_db2db19check_db_connection
FN:367,_RNvNtCsbxLqOPlq5Lb_17fossil_headers_db2db19insert_block_header
FN:449,_RNvNtCsbxLqOPlq5Lb_17fossil_headers_db2db19insert_transactions
FN:238,_RNvNtCsbxLqOPlq5Lb_17fossil_headers_db2db27get_last_stored_blocknumber
FN:123,_RNCNCNvNtCsbxLqOPlq5Lb_17fossil_headers_db2db11get_db_pool00B7_
FN:143,_RNCNCNvNtCsbxLqOPlq5Lb_17fossil_headers_db2db11get_db_pool0s0_0B7_
FN:153,_RNCNCNvNtCsbxLqOPlq5Lb_17fossil_headers_db2db11get_db_pool0s1_0B7_
FN:130,_RNCNCNvNtCsbxLqOPlq5Lb_17fossil_headers_db2db11get_db_pool0s_0B7_
FN:194,_RNCNCNvNtCsbxLqOPlq5Lb_17fossil_headers_db2db19check_db_connection00B7_
FN:200,_RNCNCNvNtCsbxLqOPlq5Lb_17fossil_headers_db2db19check_db_connection0s_0B7_
FN:118,_RNCNvNtCsbxLqOPlq5Lb_17fossil_headers_db2db11get_db_pool0B5_
FN:193,_RNCNvNtCsbxLqOPlq5Lb_17fossil_headers_db2db19check_db_connection0B5_
FN:572,_RNCNvMNtCsbxLqOPlq5Lb_17fossil_headers_db2dbNtB4_12DbConnection3new0CsvaTMFPRG4v_14fossil_indexer
FN:572,_RNCNvMNtCsbxLqOPlq5Lb_17fossil_headers_db2dbNtB4_12DbConnection3new0Cs1b8iLPG9syH_12test_indexer
FNDA:30,_RNvMNtCs1UgwbsbadXT_17fossil_headers_db2dbNtB2_12DbConnection3new
FNDA:1,_RNvNtNtCs1UgwbsbadXT_17fossil_headers_db2db17integration_tests22get_test_db_connection
FNDA:1,_RNvNtNtCs1UgwbsbadXT_17fossil_headers_db2db17integration_testss_38test_should_successfully_initialize_db
FNDA:1,_RNvNtNtCs1UgwbsbadXT_17fossil_headers_db2db17integration_testss_45test_should_fail_if_incorrect_db_url_provided
FNDA:0,_RINvNtCs1UgwbsbadXT_17fossil_headers_db2db11retry_asyncppEB4_
FNDA:0,_RNCINvNtCs1UgwbsbadXT_17fossil_headers_db2db11retry_asyncppE0B6_
FNDA:0,_RNCNCNCNCNvNtCs1UgwbsbadXT_17fossil_headers_db2db27get_last_stored_blocknumber0000Bb_
FNDA:0,_RNCNCNCNvNtCs1UgwbsbadXT_17fossil_headers_db2db19insert_transactions000B9_
FNDA:0,_RNCNCNCNvNtCs1UgwbsbadXT_17fossil_headers_db2db19insert_transactions00s_0B9_
FNDA:0,_RNCNCNCNvNtCs1UgwbsbadXT_17fossil_headers_db2db27get_last_stored_blocknumber000B9_
FNDA:0,_RNCNCNvNtCs1UgwbsbadXT_17fossil_headers_db2db11get_db_pool00B7_
FNDA:0,_RNCNCNvNtCs1UgwbsbadXT_17fossil_headers_db2db11get_db_pool0s0_0B7_
FNDA:0,_RNCNCNvNtCs1UgwbsbadXT_17fossil_headers_db2db11get_db_pool0s1_0B7_
FNDA:0,_RNCNCNvNtCs1UgwbsbadXT_17fossil_headers_db2db11get_db_pool0s_0B7_
FNDA:0,_RNCNCNvNtCs1UgwbsbadXT_17fossil_headers_db2db14find_first_gap00B7_
FNDA:0,_RNCNCNvNtCs1UgwbsbadXT_17fossil_headers_db2db14find_first_gap0s_0B7_
FNDA:0,_RNCNCNvNtCs1UgwbsbadXT_17fossil_headers_db2db14find_null_data00B7_
FNDA:0,_RNCNCNvNtCs1UgwbsbadXT_17fossil_headers_db2db14find_null_data0s_0B7_
FNDA:0,_RNCNCNvNtCs1UgwbsbadXT_17fossil_headers_db2db17write_blockheader00B7_
FNDA:0,_RNCNCNvNtCs1UgwbsbadXT_17fossil_headers_db2db19check_db_connection00B7_
FNDA:0,_RNCNCNvNtCs1UgwbsbadXT_17fossil_headers_db2db19check_db_connection0s_0B7_
FNDA:0,_RNCNCNvNtCs1UgwbsbadXT_17fossil_headers_db2db19insert_block_header00B7_
FNDA:0,_RNCNCNvNtCs1UgwbsbadXT_17fossil_headers_db2db19insert_transactions00B7_
FNDA:0,_RNCNCNvNtCs1UgwbsbadXT_17fossil_headers_db2db19insert_transactions0s0_0B7_
FNDA:0,_RNCNCNvNtCs1UgwbsbadXT_17fossil_headers_db2db19insert_transactions0s_0B7_
FNDA:0,_RNCNCNvNtCs1UgwbsbadXT_17fossil_headers_db2db27get_last_stored_blocknumber00B7_
FNDA:0,_RNCNvNtCs1UgwbsbadXT_17fossil_headers_db2db11get_db_pool0B5_
FNDA:0,_RNCNvNtCs1UgwbsbadXT_17fossil_headers_db2db14find_first_gap0B5_
FNDA:0,_RNCNvNtCs1UgwbsbadXT_17fossil_headers_db2db14find_null_data0B5_
FNDA:0,_RNCNvNtCs1UgwbsbadXT_17fossil_headers_db2db17write_blockheader0B5_
FNDA:0,_RNCNvNtCs1UgwbsbadXT_17fossil_headers_db2db19check_db_connection0B5_
FNDA:0,_RNCNvNtCs1UgwbsbadXT_17fossil_headers_db2db19insert_block_header0B5_
FNDA:0,_RNCNvNtCs1UgwbsbadXT_17fossil_headers_db2db19insert_transactions0B5_
FNDA:0,_RNCNvNtCs1UgwbsbadXT_17fossil_headers_db2db27get_last_stored_blocknumber0B5_
FNDA:0,_RNvNtCs1UgwbsbadXT_17fossil_headers_db2db11get_db_pool
FNDA:0,_RNvNtCs1UgwbsbadXT_17fossil_headers_db2db14find_first_gap
FNDA:0,_RNvNtCs1UgwbsbadXT_17fossil_headers_db2db14find_null_data
FNDA:0,_RNvNtCs1UgwbsbadXT_17fossil_headers_db2db17write_blockheader
FNDA:0,_RNvNtCs1UgwbsbadXT_17fossil_headers_db2db18is_transient_error
FNDA:0,_RNvNtCs1UgwbsbadXT_17fossil_headers_db2db19check_db_connection
FNDA:0,_RNvNtCs1UgwbsbadXT_17fossil_headers_db2db19insert_block_header
FNDA:0,_RNvNtCs1UgwbsbadXT_17fossil_headers_db2db19insert_transactions
FNDA:0,_RNvNtCs1UgwbsbadXT_17fossil_headers_db2db27get_last_stored_blocknumber
FNDA:30,_RNCNvMNtCs1UgwbsbadXT_17fossil_headers_db2dbNtB4_12DbConnection3new0B6_
FNDA:0,_RNCNvNtNtCs1UgwbsbadXT_17fossil_headers_db2db17integration_tests22get_test_db_connection0B7_
FNDA:1,_RNCNvNtNtCs1UgwbsbadXT_17fossil_headers_db2db17integration_testss_38test_should_successfully_initialize_db0B7_
FNDA:1,_RNCNvNtNtCs1UgwbsbadXT_17fossil_headers_db2db17integration_testss_45test_should_fail_if_incorrect_db_url_provided0B7_
FNDA:0,_RINvNtCsbxLqOPlq5Lb_17fossil_headers_db2db11retry_asyncNCNCNvB2_27get_last_stored_blocknumber00NtNtB4_5types11BlockNumberECs6REryQKdS9y_17fossil_headers_db
FNDA:0,_RNCINvNtCsbxLqOPlq5Lb_17fossil_headers_db2db11retry_asyncNCNCNvB4_27get_last_stored_blocknumber00NtNtB6_5types11BlockNumberE0Cs6REryQKdS9y_17fossil_headers_db
FNDA:0,_RNCNCNCNCNvNtCsbxLqOPlq5Lb_17fossil_headers_db2db27get_last_stored_blocknumber0000Cs6REryQKdS9y_17fossil_headers_db
FNDA:0,_RNCNCNCNvNtCsbxLqOPlq5Lb_17fossil_headers_db2db19insert_transactions000Cs6REryQKdS9y_17fossil_headers_db
FNDA:0,_RNCNCNCNvNtCsbxLqOPlq5Lb_17fossil_headers_db2db19insert_transactions00s_0Cs6REryQKdS9y_17fossil_headers_db
FNDA:0,_RNCNCNCNvNtCsbxLqOPlq5Lb_17fossil_headers_db2db27get_last_stored_blocknumber000Cs6REryQKdS9y_17fossil_headers_db
FNDA:0,_RNCNCNvNtCsbxLqOPlq5Lb_17fossil_headers_db2db14find_first_gap00Cs6REryQKdS9y_17fossil_headers_db
FNDA:0,_RNCNCNvNtCsbxLqOPlq5Lb_17fossil_headers_db2db14find_first_gap0s_0Cs6REryQKdS9y_17fossil_headers_db
FNDA:0,_RNCNCNvNtCsbxLqOPlq5Lb_17fossil_headers_db2db14find_null_data00Cs6REryQKdS9y_17fossil_headers_db
FNDA:0,_RNCNCNvNtCsbxLqOPlq5Lb_17fossil_headers_db2db14find_null_data0s_0Cs6REryQKdS9y_17fossil_headers_db
FNDA:0,_RNCNCNvNtCsbxLqOPlq5Lb_17fossil_headers_db2db17write_blockheader00Cs6REryQKdS9y_17fossil_headers_db
FNDA:0,_RNCNCNvNtCsbxLqOPlq5Lb_17fossil_headers_db2db19insert_block_header00Cs6REryQKdS9y_17fossil_headers_db
FNDA:0,_RNCNCNvNtCsbxLqOPlq5Lb_17fossil_headers_db2db19insert_transactions00Cs6REryQKdS9y_17fossil_headers_db
FNDA:0,_RNCNCNvNtCsbxLqOPlq5Lb_17fossil_headers_db2db19insert_transactions0s0_0Cs6REryQKdS9y_17fossil_headers_db
FNDA:0,_RNCNCNvNtCsbxLqOPlq5Lb_17fossil_headers_db2db19insert_transactions0s_0Cs6REryQKdS9y_17fossil_headers_db
FNDA:0,_RNCNCNvNtCsbxLqOPlq5Lb_17fossil_headers_db2db27get_last_stored_blocknumber00Cs6REryQKdS9y_17fossil_headers_db
FNDA:0,_RNCNvNtCsbxLqOPlq5Lb_17fossil_headers_db2db14find_first_gap0Cs6REryQKdS9y_17fossil_headers_db
FNDA:0,_RNCNvNtCsbxLqOPlq5Lb_17fossil_headers_db2db14find_null_data0Cs6REryQKdS9y_17fossil_headers_db
FNDA:0,_RNCNvNtCsbxLqOPlq5Lb_17fossil_headers_db2db17write_blockheader0Cs6REryQKdS9y_17fossil_headers_db
FNDA:0,_RNCNvNtCsbxLqOPlq5Lb_17fossil_headers_db2db19insert_block_header0Cs6REryQKdS9y_17fossil_headers_db
FNDA:0,_RNCNvNtCsbxLqOPlq5Lb_17fossil_headers_db2db19insert_transactions0Cs6REryQKdS9y_17fossil_headers_db
FNDA:0,_RNCNvNtCsbxLqOPlq5Lb_17fossil_headers_db2db27get_last_stored_blocknumber0Cs6REryQKdS9y_17fossil_headers_db
FNDA:0,_RINvNtCsbxLqOPlq5Lb_17fossil_headers_db2db11retry_asyncppEB4_
FNDA:0,_RNCINvNtCsbxLqOPlq5Lb_17fossil_headers_db2db11retry_asyncppE0B6_
FNDA:0,_RNCNCNCNCNvNtCsbxLqOPlq5Lb_17fossil_headers_db2db27get_last_stored_blocknumber0000Bb_
FNDA:0,_RNCNCNCNvNtCsbxLqOPlq5Lb_17fossil_headers_db2db19insert_transactions000B9_
FNDA:0,_RNCNCNCNvNtCsbxLqOPlq5Lb_17fossil_headers_db2db19insert_transactions00s_0B9_
FNDA:0,_RNCNCNCNvNtCsbxLqOPlq5Lb_17fossil_headers_db2db27get_last_stored_blocknumber000B9_
FNDA:0,_RNCNCNvNtCsbxLqOPlq5Lb_17fossil_headers_db2db14find_first_gap00B7_
FNDA:0,_RNCNCNvNtCsbxLqOPlq5Lb_17fossil_headers_db2db14find_first_gap0s_0B7_
FNDA:0,_RNCNCNvNtCsbxLqOPlq5Lb_17fossil_headers_db2db14find_null_data00B7_
FNDA:0,_RNCNCNvNtCsbxLqOPlq5Lb_17fossil_headers_db2db14find_null_data0s_0B7_
FNDA:0,_RNCNCNvNtCsbxLqOPlq5Lb_17fossil_headers_db2db17write_blockheader00B7_
FNDA:0,_RNCNCNvNtCsbxLqOPlq5Lb_17fossil_headers_db2db19insert_block_header00B7_
FNDA:0,_RNCNCNvNtCsbxLqOPlq5Lb_17fossil_headers_db2db19insert_transactions00B7_
FNDA:0,_RNCNCNvNtCsbxLqOPlq5Lb_17fossil_headers_db2db19insert_transactions0s0_0B7_
FNDA:0,_RNCNCNvNtCsbxLqOPlq5Lb_17fossil_headers_db2db19insert_transactions0s_0B7_
FNDA:0,_RNCNCNvNtCsbxLqOPlq5Lb_17fossil_headers_db2db27get_last_stored_blocknumber00B7_
FNDA:0,_RNCNvMNtCsbxLqOPlq5Lb_17fossil_headers_db2dbNtB4_12DbConnection3new0B6_
FNDA:0,_RNCNvNtCsbxLqOPlq5Lb_17fossil_headers_db2db14find_first_gap0B5_
FNDA:0,_RNCNvNtCsbxLqOPlq5Lb_17fossil_headers_db2db14find_null_data0B5_
FNDA:0,_RNCNvNtCsbxLqOPlq5Lb_17fossil_headers_db2db17write_blockheader0B5_
FNDA:0,_RNCNvNtCsbxLqOPlq5Lb_17fossil_headers_db2db19insert_block_header0B5_
FNDA:0,_RNCNvNtCsbxLqOPlq5Lb_17fossil_headers_db2db19insert_transactions0B5_
FNDA:0,_RNCNvNtCsbxLqOPlq5Lb_17fossil_headers_db2db27get_last_stored_blocknumber0B5_
FNDA:7,_RNvMNtCsbxLqOPlq5Lb_17fossil_headers_db2dbNtB2_12DbConnection3new
FNDA:0,_RNvNtCsbxLqOPlq5Lb_17fossil_headers_db2db11get_db_pool
FNDA:0,_RNvNtCsbxLqOPlq5Lb_17fossil_headers_db2db14find_first_gap
FNDA:0,_RNvNtCsbxLqOPlq5Lb_17fossil_headers_db2db14find_null_data
FNDA:0,_RNvNtCsbxLqOPlq5Lb_17fossil_headers_db2db17write_blockheader
FNDA:0,_RNvNtCsbxLqOPlq5Lb_17fossil_headers_db2db18is_transient_error
FNDA:0,_RNvNtCsbxLqOPlq5Lb_17fossil_headers_db2db19check_db_connection
FNDA:0,_RNvNtCsbxLqOPlq5Lb_17fossil_headers_db2db19insert_block_header
FNDA:0,_RNvNtCsbxLqOPlq5Lb_17fossil_headers_db2db19insert_transactions
FNDA:0,_RNvNtCsbxLqOPlq5Lb_17fossil_headers_db2db27get_last_stored_blocknumber
FNDA:0,_RNCNCNvNtCsbxLqOPlq5Lb_17fossil_headers_db2db11get_db_pool00B7_
FNDA:0,_RNCNCNvNtCsbxLqOPlq5Lb_17fossil_headers_db2db11get_db_pool0s0_0B7_
FNDA:0,_RNCNCNvNtCsbxLqOPlq5Lb_17fossil_headers_db2db11get_db_pool0s1_0B7_
FNDA:0,_RNCNCNvNtCsbxLqOPlq5Lb_17fossil_headers_db2db11get_db_pool0s_0B7_
FNDA:0,_RNCNCNvNtCsbxLqOPlq5Lb_17fossil_headers_db2db19check_db_connection00B7_
FNDA:0,_RNCNCNvNtCsbxLqOPlq5Lb_17fossil_headers_db2db19check_db_connection0s_0B7_
FNDA:0,_RNCNvNtCsbxLqOPlq5Lb_17fossil_headers_db2db11get_db_pool0B5_
FNDA:0,_RNCNvNtCsbxLqOPlq5Lb_17fossil_headers_db2db19check_db_connection0B5_
FNDA:0,_RNCNvMNtCsbxLqOPlq5Lb_17fossil_headers_db2dbNtB4_12DbConnection3new0CsvaTMFPRG4v_14fossil_indexer
FNDA:7,_RNCNvMNtCsbxLqOPlq5Lb_17fossil_headers_db2dbNtB4_12DbConnection3new0Cs1b8iLPG9syH_12test_indexer
FNF:47
FNH:7
DA:118,0
DA:119,0
DA:120,0
DA:122,0
DA:123,0
DA:124,0
DA:128,0
DA:129,0
DA:130,0
DA:131,0
DA:133,0
DA:135,0
DA:136,0
DA:137,0
DA:139,0
DA:140,0
DA:141,0
DA:142,0
DA:143,0
DA:144,0
DA:145,0
DA:147,0
DA:148,0
DA:149,0
DA:150,0
DA:151,0
DA:152,0
DA:153,0
DA:154,0
DA:157,0
DA:158,0
DA:161,0
DA:193,0
DA:194,0
DA:195,0
DA:196,0
DA:197,0
DA:198,0
DA:199,0
DA:200,0
DA:201,0
DA:202,0
DA:238,0
DA:241,0
DA:242,0
DA:243,0
DA:244,0
DA:245,0
DA:246,0
DA:247,0
DA:248,0
DA:249,0
DA:250,0
DA:251,0
DA:253,0
DA:255,0
DA:256,0
DA:257,0
DA:258,0
DA:261,0
DA:262,0
DA:305,0
DA:306,0
DA:307,0
DA:308,0
DA:309,0
DA:310,0
DA:311,0
DA:312,0
DA:313,0
DA:314,0
DA:315,0
DA:316,0
DA:317,0
DA:318,0
DA:319,0
DA:320,0
DA:321,0
DA:322,0
DA:323,0
DA:325,0
DA:326,0
DA:332,0
DA:333,0
DA:334,0
DA:335,0
DA:336,0
DA:337,0
DA:338,0
DA:339,0
DA:340,0
DA:341,0
DA:342,0
DA:343,0
DA:344,0
DA:345,0
DA:346,0
DA:347,0
DA:348,0
DA:349,0
DA:350,0
DA:351,0
DA:352,0
DA:353,0
DA:354,0
DA:355,0
DA:356,0
DA:357,0
DA:358,0
DA:359,0
DA:361,0
DA:362,0
DA:363,0
DA:364,0
DA:365,0
DA:367,0
DA:368,0
DA:369,0
DA:370,0
DA:371,0
DA:372,0
DA:373,0
DA:374,0
DA:375,0
DA:376,0
DA:377,0
DA:378,0
DA:379,0
DA:380,0
DA:381,0
DA:382,0
DA:383,0
DA:384,0
DA:385,0
DA:386,0
DA:387,0
DA:388,0
DA:389,0
DA:390,0
DA:391,0
DA:392,0
DA:393,0
DA:394,0
DA:395,0
DA:396,0
DA:397,0
DA:398,0
DA:399,0
DA:400,0
DA:401,0
DA:402,0
DA:403,0
DA:404,0
DA:406,0
DA:407,0
DA:408,0
DA:409,0
DA:410,0
DA:411,0
DA:412,0
DA:413,0
DA:414,0
DA:415,0
DA:416,0
DA:417,0
DA:418,0
DA:419,0
DA:420,0
DA:421,0
DA:422,0
DA:423,0
DA:424,0
DA:425,0
DA:426,0
DA:427,0
DA:428,0
DA:429,0
DA:430,0
DA:431,0
DA:432,0
DA:433,0
DA:435,0
DA:436,0
DA:437,0
DA:440,0
DA:441,0
DA:442,0
DA:443,0
DA:446,0
DA:447,0
DA:449,0
DA:450,0
DA:451,0
DA:452,0
DA:453,0
DA:454,0
DA:455,0
DA:457,0
DA:458,0
DA:459,0
DA:460,0
DA:461,0
DA:462,0
DA:463,0
DA:464,0
DA:466,0
DA:467,0
DA:468,0
DA:470,0
DA:472,0
DA:480,0
DA:481,0
DA:482,0
DA:483,0
DA:484,0
DA:485,0
DA:486,0
DA:487,0
DA:488,0
DA:489,0
DA:490,0
DA:491,0
DA:492,0
DA:493,0
DA:494,0
DA:497,0
DA:499,0
DA:500,0
DA:501,0
DA:502,0
DA:504,0
DA:505,0
DA:506,0
DA:509,0
DA:510,0
DA:512,0
DA:513,0
DA:514,0
DA:516,0
DA:517,0
DA:518,0
DA:519,0
DA:521,0
DA:523,0
DA:524,0
DA:525,0
DA:526,0
DA:527,0
DA:529,0
DA:530,0
DA:531,0
DA:532,0
DA:533,0
DA:535,0
DA:536,0
DA:537,0
DA:538,0
DA:539,0
DA:540,0
DA:541,0
DA:542,0
DA:543,0
DA:544,0
DA:547,0
DA:551,0
DA:554,0
DA:556,0
DA:557,0
DA:558,0
DA:559,0
DA:560,0
DA:561,0
DA:563,0
DA:572,37
DA:573,37
DA:575,36
DA:576,36
DA:578,36
DA:579,36
DA:580,36
DA:581,36
DA:583,36
DA:584,37
DA:596,1
DA:597,1
DA:598,0
DA:599,0
DA:600,1
DA:603,1
DA:604,1
DA:605,1
DA:607,1
DA:608,1
DA:611,1
DA:612,1
DA:613,1
BRF:0
BRH:0
LF:335
LH:26
end_of_record
SF:/home/ametel/source/fossil-headers-db/src/db/tests.rs
FN:87,_RNvNtNtNtNtCs1UgwbsbadXT_17fossil_headers_db2db5tests10unit_tests24database_constants_testss_28test_db_constants_reasonable
FN:80,_RNvNtNtNtNtCs1UgwbsbadXT_17fossil_headers_db2db5tests10unit_tests24database_constants_testss_32test_db_max_connections_constant
FN:31,_RNvNtNtNtNtCs1UgwbsbadXT_17fossil_headers_db2db5tests10unit_tests20hex_conversion_testss_35test_convert_hex_string_to_i64_zero
FN:15,_RNvNtNtNtNtCs1UgwbsbadXT_17fossil_headers_db2db5tests10unit_tests20hex_conversion_testss_36test_convert_hex_string_to_i64_valid
FN:39,_RNvNtNtNtNtCs1UgwbsbadXT_17fossil_headers_db2db5tests10unit_tests20hex_conversion_testss_40test_convert_hex_string_to_i64_max_value
FN:61,_RNvNtNtNtNtCs1UgwbsbadXT_17fossil_headers_db2db5tests10unit_tests20hex_conversion_testss_42test_convert_hex_string_to_i64_just_prefix
FN:68,_RNvNtNtNtNtCs1UgwbsbadXT_17fossil_headers_db2db5tests10unit_tests20hex_conversion_testss_42test_convert_hex_string_to_i64_large_value
FN:54,_RNvNtNtNtNtCs1UgwbsbadXT_17fossil_headers_db2db5tests10unit_tests20hex_conversion_testss_43test_convert_hex_string_to_i64_empty_string
FN:23,_RNvNtNtNtNtCs1UgwbsbadXT_17fossil_headers_db2db5tests10unit_tests20hex_conversion_testss_45test_convert_hex_string_to_i64_without_prefix
FN:47,_RNvNtNtNtNtCs1UgwbsbadXT_17fossil_headers_db2db5tests10unit_tests20hex_conversion_testss_49test_convert_hex_string_to_i64_invalid_characters
FNDA:1,_RNvNtNtNtNtCs1UgwbsbadXT_17fossil_headers_db2db5tests10unit_tests24database_constants_testss_28test_db_constants_reasonable
FNDA:1,_RNvNtNtNtNtCs1UgwbsbadXT_17fossil_headers_db2db5tests10unit_tests24database_constants_testss_32test_db_max_connections_constant
FNDA:1,_RNvNtNtNtNtCs1UgwbsbadXT_17fossil_headers_db2db5tests10unit_tests20hex_conversion_testss_35test_convert_hex_string_to_i64_zero
FNDA:1,_RNvNtNtNtNtCs1UgwbsbadXT_17fossil_headers_db2db5tests10unit_tests20hex_conversion_testss_36test_convert_hex_string_to_i64_valid
FNDA:1,_RNvNtNtNtNtCs1UgwbsbadXT_17fossil_headers_db2db5tests10unit_tests20hex_conversion_testss_40test_convert_hex_string_to_i64_max_value
FNDA:1,_RNvNtNtNtNtCs1UgwbsbadXT_17fossil_headers_db2db5tests10unit_tests20hex_conversion_testss_42test_convert_hex_string_to_i64_just_prefix
FNDA:1,_RNvNtNtNtNtCs1UgwbsbadXT_17fossil_headers_db2db5tests10unit_tests20hex_conversion_testss_42test_convert_hex_string_to_i64_large_value
FNDA:1,_RNvNtNtNtNtCs1UgwbsbadXT_17fossil_headers_db2db5tests10unit_tests20hex_conversion_testss_43test_convert_hex_string_to_i64_empty_string
FNDA:1,_RNvNtNtNtNtCs1UgwbsbadXT_17fossil_headers_db2db5tests10unit_tests20hex_conversion_testss_45test_convert_hex_string_to_i64_without_prefix
FNDA:1,_RNvNtNtNtNtCs1UgwbsbadXT_17fossil_headers_db2db5tests10unit_tests20hex_conversion_testss_49test_convert_hex_string_to_i64_invalid_characters
FNF:10
FNH:10
DA:15,1
DA:16,1
DA:17,1
DA:18,1
DA:19,1
DA:20,1
DA:23,1
DA:24,1
DA:25,1
DA:26,1
DA:27,1
DA:28,1
DA:31,1
DA:32,1
DA:33,1
DA:34,1
DA:35,1
DA:36,1
DA:39,1
DA:40,1
DA:41,1
DA:42,1
DA:43,1
DA:44,1
DA:47,1
DA:48,1
DA:49,1
DA:50,1
DA:51,1
DA:54,1
DA:55,1
DA:56,1
DA:57,1
DA:58,1
DA:61,1
DA:62,1
DA:63,1
DA:64,1
DA:65,1
DA:68,1
DA:69,1
DA:70,1
DA:71,1
DA:72,1
DA:80,1
DA:81,1
DA:82,1
DA:83,1
DA:87,1
DA:88,1
DA:89,1
BRF:0
BRH:0
LF:51
LH:51
end_of_record
SF:/home/ametel/source/fossil-headers-db/src/error_tests.rs
FN:129,_RNvNtNtNtCs1UgwbsbadXT_17fossil_headers_db11error_tests20error_scenario_tests16validation_testss_26test_error_message_content
FN:119,_RNvNtNtNtCs1UgwbsbadXT_17fossil_headers_db11error_tests20error_scenario_tests16validation_testss_28test_block_number_operations
FN:55,_RNvNtNtNtCs1UgwbsbadXT_17fossil_headers_db11error_tests20error_scenario_tests22blockchain_error_testss_38test_blockchain_error_debug_formatting
FN:14,_RNvNtNtNtCs1UgwbsbadXT_17fossil_headers_db11error_tests20error_scenario_tests22blockchain_error_testss_46test_blockchain_error_construction_and_display
FN:68,_RNvNtNtNtCs1UgwbsbadXT_17fossil_headers_db11error_tests20error_scenario_tests24error_construction_testss_42test_all_error_variants_can_be_constructed
FNDA:1,_RNvNtNtNtCs1UgwbsbadXT_17fossil_headers_db11error_tests20error_scenario_tests16validation_testss_26test_error_message_content
FNDA:1,_RNvNtNtNtCs1UgwbsbadXT_17fossil_headers_db11error_tests20error_scenario_tests16validation_testss_28test_block_number_operations
FNDA:1,_RNvNtNtNtCs1UgwbsbadXT_17fossil_headers_db11error_tests20error_scenario_tests22blockchain_error_testss_38test_blockchain_error_debug_formatting
FNDA:1,_RNvNtNtNtCs1UgwbsbadXT_17fossil_headers_db11error_tests20error_scenario_tests22blockchain_error_testss_46test_blockchain_error_construction_and_display
FNDA:1,_RNvNtNtNtCs1UgwbsbadXT_17fossil_headers_db11error_tests20error_scenario_tests24error_construction_testss_42test_all_error_variants_can_be_constructed
FNF:5
FNH:5
DA:14,1
DA:15,1
DA:16,1
DA:17,1
DA:18,1
DA:19,1
DA:21,1
DA:22,1
DA:23,1
DA:24,1
DA:25,1
DA:27,1
DA:28,1
DA:29,1
DA:30,1
DA:31,1
DA:33,1
DA:34,1
DA:35,1
DA:36,1
DA:37,1
DA:39,1
DA:40,1
DA:41,1
DA:42,1
DA:43,1
DA:45,1
DA:46,1
DA:47,1
DA:48,1
DA:49,1
DA:50,1
DA:51,1
DA:52,1
DA:55,1
DA:56,1
DA:57,1
DA:58,1
DA:59,1
DA:60,1
DA:61,1
DA:68,1
DA:69,1
DA:70,1
DA:71,1
DA:72,1
DA:73,1
DA:74,1
DA:75,1
DA:76,1
DA:77,1
DA:78,1
DA:79,1
DA:80,1
DA:81,1
DA:82,1
DA:83,1
DA:84,1
DA:85,1
DA:86,1
DA:87,1
DA:88,1
DA:89,1
DA:90,1
DA:91,1
DA:92,1
DA:93,1
DA:94,1
DA:95,1
DA:96,1
DA:97,1
DA:98,1
DA:99,1
DA:100,1
DA:101,1
DA:102,1
DA:103,1
DA:104,1
DA:107,12
DA:108,11
DA:109,11
DA:110,11
DA:111,11
DA:112,1
DA:119,1
DA:120,1
DA:121,1
DA:123,1
DA:124,1
DA:125,1
DA:126,1
DA:129,1
DA:130,1
DA:131,1
DA:132,1
DA:133,1
DA:134,1
DA:135,1
DA:136,1
BRF:0
BRH:0
LF:99
LH:99
end_of_record
SF:/home/ametel/source/fossil-headers-db/src/errors.rs
FN:136,_RINvMNtCs1UgwbsbadXT_17fossil_headers_db6errorsNtB3_15BlockchainError13configurationppEB5_
FN:122,_RINvMNtCs1UgwbsbadXT_17fossil_headers_db6errorsNtB3_15BlockchainError20database_transactionpEB5_
FN:108,_RINvMNtCs1UgwbsbadXT_17fossil_headers_db6errorsNtB3_15BlockchainError21transaction_not_foundpEB5_
FN:159,_RINvMNtCs1UgwbsbadXT_17fossil_headers_db6errorsNtB3_15BlockchainError22transaction_validationppEB5_
FN:171,_RNvMNtCs1UgwbsbadXT_17fossil_headers_db6errorsNtB2_15BlockchainError13invalid_range
FN:177,_RNvMNtCs1UgwbsbadXT_17fossil_headers_db6errorsNtB2_15BlockchainError17concurrency_limit
FN:232,_RNvXs2_NtCs1UgwbsbadXT_17fossil_headers_db6errorsNtB5_15BlockchainErrorINtNtCs1p5UDGgVI4d_4core7convert4FromNtNtNtB1c_3num5error13ParseIntErrorE4from
FN:239,_RNvXs3_NtCs1UgwbsbadXT_17fossil_headers_db6errorsNtB5_15BlockchainErrorINtNtCs1p5UDGgVI4d_4core7convert4FromNtCs89XqDdfdtPU_4eyre6ReportE4from
FN:129,_RINvMNtCs1UgwbsbadXT_17fossil_headers_db6errorsNtB3_15BlockchainError14database_queryNtNtCsaFPxhswmqCN_5alloc6string6StringEB5_
FN:88,_RINvMNtCs1UgwbsbadXT_17fossil_headers_db6errorsNtB3_15BlockchainError14rpc_connectionNtNtCsaFPxhswmqCN_5alloc6string6StringEB5_
FN:101,_RINvMNtCs1UgwbsbadXT_17fossil_headers_db6errorsNtB3_15BlockchainError15block_not_foundReEB5_
FN:151,_RINvMNtCs1UgwbsbadXT_17fossil_headers_db6errorsNtB3_15BlockchainError16block_validationReEB5_
FN:115,_RINvMNtCs1UgwbsbadXT_17fossil_headers_db6errorsNtB3_15BlockchainError19database_connectionNtNtCsaFPxhswmqCN_5alloc6string6StringEB5_
FN:144,_RINvMNtCs1UgwbsbadXT_17fossil_headers_db6errorsNtB3_15BlockchainError7networkNtNtCsaFPxhswmqCN_5alloc6string6StringEB5_
FN:182,_RINvMNtCs1UgwbsbadXT_17fossil_headers_db6errorsNtB3_15BlockchainError8internalNtNtCsaFPxhswmqCN_5alloc6string6StringEB5_
FN:182,_RINvMNtCs1UgwbsbadXT_17fossil_headers_db6errorsNtB3_15BlockchainError8internalReEB5_
FN:73,_RNvMNtCs1UgwbsbadXT_17fossil_headers_db6errorsNtB2_15BlockchainError11invalid_hex
FN:96,_RNvMNtCs1UgwbsbadXT_17fossil_headers_db6errorsNtB2_15BlockchainError11rpc_timeout
FN:81,_RNvMNtCs1UgwbsbadXT_17fossil_headers_db6errorsNtB2_15BlockchainError14invalid_format
FN:212,_RNvXs0_NtCs1UgwbsbadXT_17fossil_headers_db6errorsNtB5_15BlockchainErrorINtNtCs1p5UDGgVI4d_4core7convert4FromNtNtCs9WQYcqDqUIR_7reqwest5error5ErrorE4from
FN:225,_RNvXs1_NtCs1UgwbsbadXT_17fossil_headers_db6errorsNtB5_15BlockchainErrorINtNtCs1p5UDGgVI4d_4core7convert4FromNtNtCsWUcjGWNvHz_10serde_json5error5ErrorE4from
FN:194,_RNvXs_NtCs1UgwbsbadXT_17fossil_headers_db6errorsNtB4_15BlockchainErrorINtNtCs1p5UDGgVI4d_4core7convert4FromNtNtCs7NbDnwSBx4Y_9sqlx_core5error5ErrorE4from
FN:101,_RINvMNtCsbxLqOPlq5Lb_17fossil_headers_db6errorsNtB3_15BlockchainError15block_not_foundNtNtCsaFPxhswmqCN_5alloc6string6StringECs6REryQKdS9y_17fossil_headers_db
FN:122,_RINvMNtCsbxLqOPlq5Lb_17fossil_headers_db6errorsNtB3_15BlockchainError20database_transactionNtNtCsaFPxhswmqCN_5alloc6string6StringECs6REryQKdS9y_17fossil_headers_db
FN:136,_RINvMNtCsbxLqOPlq5Lb_17fossil_headers_db6errorsNtB3_15BlockchainError13configurationReB1k_EB5_
FN:136,_RINvMNtCsbxLqOPlq5Lb_17fossil_headers_db6errorsNtB3_15BlockchainError13configurationReNtNtCsaFPxhswmqCN_5alloc6string6StringEB5_
FN:129,_RINvMNtCsbxLqOPlq5Lb_17fossil_headers_db6errorsNtB3_15BlockchainError14database_queryNtNtCsaFPxhswmqCN_5alloc6string6StringEB5_
FN:88,_RINvMNtCsbxLqOPlq5Lb_17fossil_headers_db6errorsNtB3_15BlockchainError14rpc_connectionNtNtCsaFPxhswmqCN_5alloc6string6StringEB5_
FN:151,_RINvMNtCsbxLqOPlq5Lb_17fossil_headers_db6errorsNtB3_15BlockchainError16block_validationReEB5_
FN:115,_RINvMNtCsbxLqOPlq5Lb_17fossil_headers_db6errorsNtB3_15BlockchainError19database_connectionNtNtCsaFPxhswmqCN_5alloc6string6StringEB5_
FN:115,_RINvMNtCsbxLqOPlq5Lb_17fossil_headers_db6errorsNtB3_15BlockchainError19database_connectionReEB5_
FN:144,_RINvMNtCsbxLqOPlq5Lb_17fossil_headers_db6errorsNtB3_15BlockchainError7networkNtNtCsaFPxhswmqCN_5alloc6string6StringEB5_
FN:182,_RINvMNtCsbxLqOPlq5Lb_17fossil_headers_db6errorsNtB3_15BlockchainError8internalNtNtCsaFPxhswmqCN_5alloc6string6StringEB5_
FN:182,_RINvMNtCsbxLqOPlq5Lb_17fossil_headers_db6errorsNtB3_15BlockchainError8internalReEB5_
FN:101,_RINvMNtCsbxLqOPlq5Lb_17fossil_headers_db6errorsNtB3_15BlockchainError15block_not_foundpEB5_
FN:122,_RINvMNtCsbxLqOPlq5Lb_17fossil_headers_db6errorsNtB3_15BlockchainError20database_transactionpEB5_
FN:108,_RINvMNtCsbxLqOPlq5Lb_17fossil_headers_db6errorsNtB3_15BlockchainError21transaction_not_foundpEB5_
FN:159,_RINvMNtCsbxLqOPlq5Lb_17fossil_headers_db6errorsNtB3_15BlockchainError22transaction_validationppEB5_
FN:73,_RNvMNtCsbxLqOPlq5Lb_17fossil_headers_db6errorsNtB2_15BlockchainError11invalid_hex
FN:96,_RNvMNtCsbxLqOPlq5Lb_17fossil_headers_db6errorsNtB2_15BlockchainError11rpc_timeout
FN:171,_RNvMNtCsbxLqOPlq5Lb_17fossil_headers_db6errorsNtB2_15BlockchainError13invalid_range
FN:81,_RNvMNtCsbxLqOPlq5Lb_17fossil_headers_db6errorsNtB2_15BlockchainError14invalid_format
FN:177,_RNvMNtCsbxLqOPlq5Lb_17fossil_headers_db6errorsNtB2_15BlockchainError17concurrency_limit
FN:212,_RNvXs0_NtCsbxLqOPlq5Lb_17fossil_headers_db6errorsNtB5_15BlockchainErrorINtNtCs1p5UDGgVI4d_4core7convert4FromNtNtCs9WQYcqDqUIR_7reqwest5error5ErrorE4from
FN:225,_RNvXs1_NtCsbxLqOPlq5Lb_17fossil_headers_db6errorsNtB5_15BlockchainErrorINtNtCs1p5UDGgVI4d_4core7convert4FromNtNtCsWUcjGWNvHz_10serde_json5error5ErrorE4from
FN:232,_RNvXs2_NtCsbxLqOPlq5Lb_17fossil_headers_db6errorsNtB5_15BlockchainErrorINtNtCs1p5UDGgVI4d_4core7convert4FromNtNtNtB1c_3num5error13ParseIntErrorE4from
FN:239,_RNvXs3_NtCsbxLqOPlq5Lb_17fossil_headers_db6errorsNtB5_15BlockchainErrorINtNtCs1p5UDGgVI4d_4core7convert4FromNtCs89XqDdfdtPU_4eyre6ReportE4from
FN:194,_RNvXs_NtCsbxLqOPlq5Lb_17fossil_headers_db6errorsNtB4_15BlockchainErrorINtNtCs1p5UDGgVI4d_4core7convert4FromNtNtCs7NbDnwSBx4Y_9sqlx_core5error5ErrorE4from
FNDA:0,_RINvMNtCs1UgwbsbadXT_17fossil_headers_db6errorsNtB3_15BlockchainError13configurationppEB5_
FNDA:0,_RINvMNtCs1UgwbsbadXT_17fossil_headers_db6errorsNtB3_15BlockchainError20database_transactionpEB5_
FNDA:0,_RINvMNtCs1UgwbsbadXT_17fossil_headers_db6errorsNtB3_15BlockchainError21transaction_not_foundpEB5_
FNDA:0,_RINvMNtCs1UgwbsbadXT_17fossil_headers_db6errorsNtB3_15BlockchainError22transaction_validationppEB5_
FNDA:0,_RNvMNtCs1UgwbsbadXT_17fossil_headers_db6errorsNtB2_15BlockchainError13invalid_range
FNDA:0,_RNvMNtCs1UgwbsbadXT_17fossil_headers_db6errorsNtB2_15BlockchainError17concurrency_limit
FNDA:0,_RNvXs2_NtCs1UgwbsbadXT_17fossil_headers_db6errorsNtB5_15BlockchainErrorINtNtCs1p5UDGgVI4d_4core7convert4FromNtNtNtB1c_3num5error13ParseIntErrorE4from
FNDA:0,_RNvXs3_NtCs1UgwbsbadXT_17fossil_headers_db6errorsNtB5_15BlockchainErrorINtNtCs1p5UDGgVI4d_4core7convert4FromNtCs89XqDdfdtPU_4eyre6ReportE4from
FNDA:0,_RINvMNtCs1UgwbsbadXT_17fossil_headers_db6errorsNtB3_15BlockchainError14database_queryNtNtCsaFPxhswmqCN_5alloc6string6StringEB5_
FNDA:0,_RINvMNtCs1UgwbsbadXT_17fossil_headers_db6errorsNtB3_15BlockchainError14rpc_connectionNtNtCsaFPxhswmqCN_5alloc6string6StringEB5_
FNDA:25,_RINvMNtCs1UgwbsbadXT_17fossil_headers_db6errorsNtB3_15BlockchainError15block_not_foundReEB5_
FNDA:0,_RINvMNtCs1UgwbsbadXT_17fossil_headers_db6errorsNtB3_15BlockchainError16block_validationReEB5_
FNDA:1,_RINvMNtCs1UgwbsbadXT_17fossil_headers_db6errorsNtB3_15BlockchainError19database_connectionNtNtCsaFPxhswmqCN_5alloc6string6StringEB5_
FNDA:0,_RINvMNtCs1UgwbsbadXT_17fossil_headers_db6errorsNtB3_15BlockchainError7networkNtNtCsaFPxhswmqCN_5alloc6string6StringEB5_
FNDA:5,_RINvMNtCs1UgwbsbadXT_17fossil_headers_db6errorsNtB3_15BlockchainError8internalNtNtCsaFPxhswmqCN_5alloc6string6StringEB5_
FNDA:3,_RINvMNtCs1UgwbsbadXT_17fossil_headers_db6errorsNtB3_15BlockchainError8internalReEB5_
FNDA:11,_RNvMNtCs1UgwbsbadXT_17fossil_headers_db6errorsNtB2_15BlockchainError11invalid_hex
FNDA:0,_RNvMNtCs1UgwbsbadXT_17fossil_headers_db6errorsNtB2_15BlockchainError11rpc_timeout
FNDA:2830,_RNvMNtCs1UgwbsbadXT_17fossil_headers_db6errorsNtB2_15BlockchainError14invalid_format
FNDA:0,_RNvXs0_NtCs1UgwbsbadXT_17fossil_headers_db6errorsNtB5_15BlockchainErrorINtNtCs1p5UDGgVI4d_4core7convert4FromNtNtCs9WQYcqDqUIR_7reqwest5error5ErrorE4from
FNDA:5,_RNvXs1_NtCs1UgwbsbadXT_17fossil_headers_db6errorsNtB5_15BlockchainErrorINtNtCs1p5UDGgVI4d_4core7convert4FromNtNtCsWUcjGWNvHz_10serde_json5error5ErrorE4from
FNDA:1,_RNvXs_NtCs1UgwbsbadXT_17fossil_headers_db6errorsNtB4_15BlockchainErrorINtNtCs1p5UDGgVI4d_4core7convert4FromNtNtCs7NbDnwSBx4Y_9sqlx_core5error5ErrorE4from
FNDA:0,_RINvMNtCsbxLqOPlq5Lb_17fossil_headers_db6errorsNtB3_15BlockchainError15block_not_foundNtNtCsaFPxhswmqCN_5alloc6string6StringECs6REryQKdS9y_17fossil_headers_db
FNDA:0,_RINvMNtCsbxLqOPlq5Lb_17fossil_headers_db6errorsNtB3_15BlockchainError20database_transactionNtNtCsaFPxhswmqCN_5alloc6string6StringECs6REryQKdS9y_17fossil_headers_db
FNDA:0,_RINvMNtCsbxLqOPlq5Lb_17fossil_headers_db6errorsNtB3_15BlockchainError13configurationReB1k_EB5_
FNDA:0,_RINvMNtCsbxLqOPlq5Lb_17fossil_headers_db6errorsNtB3_15BlockchainError13configurationReNtNtCsaFPxhswmqCN_5alloc6string6StringEB5_
FNDA:0,_RINvMNtCsbxLqOPlq5Lb_17fossil_headers_db6errorsNtB3_15BlockchainError14database_queryNtNtCsaFPxhswmqCN_5alloc6string6StringEB5_
FNDA:1,_RINvMNtCsbxLqOPlq5Lb_17fossil_headers_db6errorsNtB3_15BlockchainError14rpc_connectionNtNtCsaFPxhswmqCN_5alloc6string6StringEB5_
FNDA:0,_RINvMNtCsbxLqOPlq5Lb_17fossil_headers_db6errorsNtB3_15BlockchainError16block_validationReEB5_
FNDA:0,_RINvMNtCsbxLqOPlq5Lb_17fossil_headers_db6errorsNtB3_15BlockchainError19database_connectionNtNtCsaFPxhswmqCN_5alloc6string6StringEB5_
FNDA:0,_RINvMNtCsbxLqOPlq5Lb_17fossil_headers_db6errorsNtB3_15BlockchainError19database_connectionReEB5_
FNDA:2,_RINvMNtCsbxLqOPlq5Lb_17fossil_headers_db6errorsNtB3_15BlockchainError7networkNtNtCsaFPxhswmqCN_5alloc6string6StringEB5_
FNDA:0,_RINvMNtCsbxLqOPlq5Lb_17fossil_headers_db6errorsNtB3_15BlockchainError8internalNtNtCsaFPxhswmqCN_5alloc6string6StringEB5_
FNDA:0,_RINvMNtCsbxLqOPlq5Lb_17fossil_headers_db6errorsNtB3_15BlockchainError8internalReEB5_
FNDA:0,_RINvMNtCsbxLqOPlq5Lb_17fossil_headers_db6errorsNtB3_15BlockchainError15block_not_foundpEB5_
FNDA:0,_RINvMNtCsbxLqOPlq5Lb_17fossil_headers_db6errorsNtB3_15BlockchainError20database_transactionpEB5_
FNDA:0,_RINvMNtCsbxLqOPlq5Lb_17fossil_headers_db6errorsNtB3_15BlockchainError21transaction_not_foundpEB5_
FNDA:0,_RINvMNtCsbxLqOPlq5Lb_17fossil_headers_db6errorsNtB3_15BlockchainError22transaction_validationppEB5_
FNDA:0,_RNvMNtCsbxLqOPlq5Lb_17fossil_headers_db6errorsNtB2_15BlockchainError11invalid_hex
FNDA:0,_RNvMNtCsbxLqOPlq5Lb_17fossil_headers_db6errorsNtB2_15BlockchainError11rpc_timeout
FNDA:0,_RNvMNtCsbxLqOPlq5Lb_17fossil_headers_db6errorsNtB2_15BlockchainError13invalid_range
FNDA:0,_RNvMNtCsbxLqOPlq5Lb_17fossil_headers_db6errorsNtB2_15BlockchainError14invalid_format
FNDA:0,_RNvMNtCsbxLqOPlq5Lb_17fossil_headers_db6errorsNtB2_15BlockchainError17concurrency_limit
FNDA:2,_RNvXs0_NtCsbxLqOPlq5Lb_17fossil_headers_db6errorsNtB5_15BlockchainErrorINtNtCs1p5UDGgVI4d_4core7convert4FromNtNtCs9WQYcqDqUIR_7reqwest5error5ErrorE4from
FNDA:0,_RNvXs1_NtCsbxLqOPlq5Lb_17fossil_headers_db6errorsNtB5_15BlockchainErrorINtNtCs1p5UDGgVI4d_4core7convert4FromNtNtCsWUcjGWNvHz_10serde_json5error5ErrorE4from
FNDA:0,_RNvXs2_NtCsbxLqOPlq5Lb_17fossil_headers_db6errorsNtB5_15BlockchainErrorINtNtCs1p5UDGgVI4d_4core7convert4FromNtNtNtB1c_3num5error13ParseIntErrorE4from
FNDA:0,_RNvXs3_NtCsbxLqOPlq5Lb_17fossil_headers_db6errorsNtB5_15BlockchainErrorINtNtCs1p5UDGgVI4d_4core7convert4FromNtCs89XqDdfdtPU_4eyre6ReportE4from
FNDA:0,_RNvXs_NtCsbxLqOPlq5Lb_17fossil_headers_db6errorsNtB4_15BlockchainErrorINtNtCs1p5UDGgVI4d_4core7convert4FromNtNtCs7NbDnwSBx4Y_9sqlx_core5error5ErrorE4from
FNF:21
FNH:10
DA:73,11
DA:74,11
DA:75,11
DA:76,11
DA:77,11
DA:81,2830
DA:82,2830
DA:83,2830
DA:84,2830
DA:85,2830
DA:88,1
DA:89,1
DA:90,1
DA:91,1
DA:92,1
DA:96,0
DA:97,0
DA:98,0
DA:101,25
DA:102,25
DA:103,25
DA:104,25
DA:105,25
DA:108,0
DA:109,0
DA:110,0
DA:111,0
DA:112,0
DA:115,1
DA:116,1
DA:117,1
DA:118,1
DA:119,1
DA:122,0
DA:123,0
DA:124,0
DA:125,0
DA:126,0
DA:129,0
DA:130,0
DA:131,0
DA:132,0
DA:133,0
DA:136,0
DA:137,0
DA:138,0
DA:139,0
DA:140,0
DA:141,0
DA:144,2
DA:145,2
DA:146,2
DA:147,2
DA:148,2
DA:151,0
DA:152,0
DA:153,0
DA:154,0
DA:155,0
DA:156,0
DA:159,0
DA:160,0
DA:161,0
DA:162,0
DA:163,0
DA:164,0
DA:165,0
DA:166,0
DA:167,0
DA:171,0
DA:172,0
DA:173,0
DA:177,0
DA:178,0
DA:179,0
DA:182,8
DA:183,8
DA:184,8
DA:185,8
DA:186,8
DA:194,1
DA:195,1
DA:196,0
DA:197,0
DA:200,0
DA:203,0
DA:205,1
DA:207,1
DA:212,2
DA:213,2
DA:214,0
DA:215,2
DA:216,0
DA:218,2
DA:220,2
DA:225,5
DA:226,5
DA:227,5
DA:232,0
DA:233,0
DA:234,0
DA:239,0
DA:240,0
DA:241,0
BRF:0
BRH:0
LF:104
LH:47
end_of_record
SF:/home/ametel/source/fossil-headers-db/src/indexer/batch_service.rs
FN:677,_RNvNtNtNtCs1UgwbsbadXT_17fossil_headers_db7indexer13batch_service5tests22get_fixtures_for_tests
FN:42,_RNvMNtNtCs1UgwbsbadXT_17fossil_headers_db7indexer13batch_serviceNtB2_16BatchIndexConfig7builder
FN:113,_RNvMs0_NtNtCs1UgwbsbadXT_17fossil_headers_db7indexer13batch_serviceNtB5_23BatchIndexConfigBuilder11max_retries
FN:125,_RNvMs0_NtNtCs1UgwbsbadXT_17fossil_headers_db7indexer13batch_serviceNtB5_23BatchIndexConfigBuilder11rpc_timeout
FN:95,_RNvMs0_NtNtCs1UgwbsbadXT_17fossil_headers_db7indexer13batch_serviceNtB5_23BatchIndexConfigBuilder12conservative
FN:149,_RNvMs0_NtNtCs1UgwbsbadXT_17fossil_headers_db7indexer13batch_serviceNtB5_23BatchIndexConfigBuilder12task_timeout
FN:119,_RNvMs0_NtNtCs1UgwbsbadXT_17fossil_headers_db7indexer13batch_serviceNtB5_23BatchIndexConfigBuilder13poll_interval
FN:86,_RNvMs0_NtNtCs1UgwbsbadXT_17fossil_headers_db7indexer13batch_serviceNtB5_23BatchIndexConfigBuilder15high_throughput
FN:131,_RNvMs0_NtNtCs1UgwbsbadXT_17fossil_headers_db7indexer13batch_serviceNtB5_23BatchIndexConfigBuilder16index_batch_size
FN:137,_RNvMs0_NtNtCs1UgwbsbadXT_17fossil_headers_db7indexer13batch_serviceNtB5_23BatchIndexConfigBuilder16should_index_txs
FN:143,_RNvMs0_NtNtCs1UgwbsbadXT_17fossil_headers_db7indexer13batch_serviceNtB5_23BatchIndexConfigBuilder23max_concurrent_requests
FN:73,_RNvMs0_NtNtCs1UgwbsbadXT_17fossil_headers_db7indexer13batch_serviceNtB5_23BatchIndexConfigBuilder3new
FN:154,_RNvMs0_NtNtCs1UgwbsbadXT_17fossil_headers_db7indexer13batch_serviceNtB5_23BatchIndexConfigBuilder5build
FN:104,_RNvMs0_NtNtCs1UgwbsbadXT_17fossil_headers_db7indexer13batch_serviceNtB5_23BatchIndexConfigBuilder7testing
FN:210,_RNvXs1_NtNtCs1UgwbsbadXT_17fossil_headers_db7indexer13batch_serviceNtB5_23BatchIndexConfigBuilderNtNtCs1p5UDGgVI4d_4core7default7Default7default
FN:48,_RNvXs_NtNtCs1UgwbsbadXT_17fossil_headers_db7indexer13batch_serviceNtB4_16BatchIndexConfigNtNtCs1p5UDGgVI4d_4core7default7Default7default
FN:854,_RNCNCINvNCNvNtNtNtCs1UgwbsbadXT_17fossil_headers_db7indexer13batch_service5testss_24test_batch_index_with_tx024test_batch_index_with_txNtNtCseC6aGe3gCGB_13sqlx_postgres7options16PgConnectOptionsE00Bg_
FN:762,_RNCNCINvNCNvNtNtNtCs1UgwbsbadXT_17fossil_headers_db7indexer13batch_service5testss_37test_batch_index_default_headers_only037test_batch_index_default_headers_onlyNtNtCseC6aGe3gCGB_13sqlx_postgres7options16PgConnectOptionsE00Bg_
FN:961,_RNCNCINvNCNvNtNtNtCs1UgwbsbadXT_17fossil_headers_db7indexer13batch_service5testss_66test_quick_index_always_index_away_from_latest_blocknumber_with_tx066test_quick_index_always_index_away_from_latest_blocknumber_with_txNtNtCseC6aGe3gCGB_13sqlx_postgres7options16PgConnectOptionsE00Bg_
FN:677,_RNCNvNtNtNtCs1UgwbsbadXT_17fossil_headers_db7indexer13batch_service5tests22get_fixtures_for_tests0B9_
FN:424,_RNCNCNCNvMs2_NtNtCs1UgwbsbadXT_17fossil_headers_db7indexer13batch_serviceINtBb_12BatchIndexerNtNtBd_10test_utils15MockRpcProviderE24create_block_fetch_tasks000Bf_
FN:437,_RNCNCNCNvMs2_NtNtCs1UgwbsbadXT_17fossil_headers_db7indexer13batch_serviceINtBb_12BatchIndexerNtNtBd_10test_utils15MockRpcProviderE24create_block_fetch_tasks00s0_0Bf_
FN:436,_RNCNCNCNvMs2_NtNtCs1UgwbsbadXT_17fossil_headers_db7indexer13batch_serviceINtBb_12BatchIndexerNtNtBd_10test_utils15MockRpcProviderE24create_block_fetch_tasks00s_0Bf_
FN:608,_RNCNCNvMs2_NtNtCs1UgwbsbadXT_17fossil_headers_db7indexer13batch_serviceINtB9_12BatchIndexerNtNtBb_10test_utils15MockRpcProviderE20verify_blocks_stored00Bd_
FN:545,_RNCNCNvMs2_NtNtCs1UgwbsbadXT_17fossil_headers_db7indexer13batch_serviceINtB9_12BatchIndexerNtNtBb_10test_utils15MockRpcProviderE23save_blocks_to_database00Bd_
FN:563,_RNCNCNvMs2_NtNtCs1UgwbsbadXT_17fossil_headers_db7indexer13batch_serviceINtB9_12BatchIndexerNtNtBb_10test_utils15MockRpcProviderE23save_blocks_to_database0s0_0Bd_
FN:588,_RNCNCNvMs2_NtNtCs1UgwbsbadXT_17fossil_headers_db7indexer13batch_serviceINtB9_12BatchIndexerNtNtBb_10test_utils15MockRpcProviderE23save_blocks_to_database0s1_0Bd_
FN:558,_RNCNCNvMs2_NtNtCs1UgwbsbadXT_17fossil_headers_db7indexer13batch_serviceINtB9_12BatchIndexerNtNtBb_10test_utils15MockRpcProviderE23save_blocks_to_database0s_0Bd_
FN:420,_RNCNCNvMs2_NtNtCs1UgwbsbadXT_17fossil_headers_db7indexer13batch_serviceINtB9_12BatchIndexerNtNtBb_10test_utils15MockRpcProviderE24create_block_fetch_tasks00Bd_
FN:335,_RNCNvMs2_NtNtCs1UgwbsbadXT_17fossil_headers_db7indexer13batch_serviceINtB7_12BatchIndexerNtNtB9_10test_utils15MockRpcProviderE17index_block_range0Bb_
FN:602,_RNCNvMs2_NtNtCs1UgwbsbadXT_17fossil_headers_db7indexer13batch_serviceINtB7_12BatchIndexerNtNtB9_10test_utils15MockRpcProviderE19apply_retry_backoff0Bb_
FN:395,_RNCNvMs2_NtNtCs1UgwbsbadXT_17fossil_headers_db7indexer13batch_serviceINtB7_12BatchIndexerNtNtB9_10test_utils15MockRpcProviderE19fetch_block_headers0Bb_
FN:274,_RNCNvMs2_NtNtCs1UgwbsbadXT_17fossil_headers_db7indexer13batch_serviceINtB7_12BatchIndexerNtNtB9_10test_utils15MockRpcProviderE20get_current_metadata0Bb_
FN:607,_RNCNvMs2_NtNtCs1UgwbsbadXT_17fossil_headers_db7indexer13batch_serviceINtB7_12BatchIndexerNtNtB9_10test_utils15MockRpcProviderE20verify_blocks_stored0Bb_
FN:288,_RNCNvMs2_NtNtCs1UgwbsbadXT_17fossil_headers_db7indexer13batch_serviceINtB7_12BatchIndexerNtNtB9_10test_utils15MockRpcProviderE21get_total_block_count0Bb_
FN:295,_RNCNvMs2_NtNtCs1UgwbsbadXT_17fossil_headers_db7indexer13batch_serviceINtB7_12BatchIndexerNtNtB9_10test_utils15MockRpcProviderE23get_latest_block_number0Bb_
FN:543,_RNCNvMs2_NtNtCs1UgwbsbadXT_17fossil_headers_db7indexer13batch_serviceINtB7_12BatchIndexerNtNtB9_10test_utils15MockRpcProviderE23save_blocks_to_database0Bb_
FN:416,_RNCNvMs2_NtNtCs1UgwbsbadXT_17fossil_headers_db7indexer13batch_serviceINtB7_12BatchIndexerNtNtB9_10test_utils15MockRpcProviderE24create_block_fetch_tasks0Bb_
FN:521,_RNCNvMs2_NtNtCs1UgwbsbadXT_17fossil_headers_db7indexer13batch_serviceINtB7_12BatchIndexerNtNtB9_10test_utils15MockRpcProviderE28apply_backpressure_if_needed0Bb_
FN:242,_RNCNvMs2_NtNtCs1UgwbsbadXT_17fossil_headers_db7indexer13batch_serviceINtB7_12BatchIndexerNtNtB9_10test_utils15MockRpcProviderE5index0Bb_
FN:330,_RNvMs2_NtNtCs1UgwbsbadXT_17fossil_headers_db7indexer13batch_serviceINtB5_12BatchIndexerNtNtB7_10test_utils15MockRpcProviderE17index_block_rangeB9_
FN:602,_RNvMs2_NtNtCs1UgwbsbadXT_17fossil_headers_db7indexer13batch_serviceINtB5_12BatchIndexerNtNtB7_10test_utils15MockRpcProviderE19apply_retry_backoffB9_
FN:391,_RNvMs2_NtNtCs1UgwbsbadXT_17fossil_headers_db7indexer13batch_serviceINtB5_12BatchIndexerNtNtB7_10test_utils15MockRpcProviderE19fetch_block_headersB9_
FN:272,_RNvMs2_NtNtCs1UgwbsbadXT_17fossil_headers_db7indexer13batch_serviceINtB5_12BatchIndexerNtNtB7_10test_utils15MockRpcProviderE20get_current_metadataB9_
FN:607,_RNvMs2_NtNtCs1UgwbsbadXT_17fossil_headers_db7indexer13batch_serviceINtB5_12BatchIndexerNtNtB7_10test_utils15MockRpcProviderE20verify_blocks_storedB9_
FN:313,_RNvMs2_NtNtCs1UgwbsbadXT_17fossil_headers_db7indexer13batch_serviceINtB5_12BatchIndexerNtNtB7_10test_utils15MockRpcProviderE21calculate_block_rangeB9_
FN:288,_RNvMs2_NtNtCs1UgwbsbadXT_17fossil_headers_db7indexer13batch_serviceINtB5_12BatchIndexerNtNtB7_10test_utils15MockRpcProviderE21get_total_block_countB9_
FN:295,_RNvMs2_NtNtCs1UgwbsbadXT_17fossil_headers_db7indexer13batch_serviceINtB5_12BatchIndexerNtNtB7_10test_utils15MockRpcProviderE23get_latest_block_numberB9_
FN:302,_RNvMs2_NtNtCs1UgwbsbadXT_17fossil_headers_db7indexer13batch_serviceINtB5_12BatchIndexerNtNtB7_10test_utils15MockRpcProviderE23is_backfilling_completeB9_
FN:444,_RNvMs2_NtNtCs1UgwbsbadXT_17fossil_headers_db7indexer13batch_serviceINtB5_12BatchIndexerNtNtB7_10test_utils15MockRpcProviderE23process_block_responsesB9_
FN:538,_RNvMs2_NtNtCs1UgwbsbadXT_17fossil_headers_db7indexer13batch_serviceINtB5_12BatchIndexerNtNtB7_10test_utils15MockRpcProviderE23save_blocks_to_databaseB9_
FN:405,_RNvMs2_NtNtCs1UgwbsbadXT_17fossil_headers_db7indexer13batch_serviceINtB5_12BatchIndexerNtNtB7_10test_utils15MockRpcProviderE24create_block_fetch_tasksB9_
FN:514,_RNvMs2_NtNtCs1UgwbsbadXT_17fossil_headers_db7indexer13batch_serviceINtB5_12BatchIndexerNtNtB7_10test_utils15MockRpcProviderE28apply_backpressure_if_neededB9_
FN:226,_RNvMs2_NtNtCs1UgwbsbadXT_17fossil_headers_db7indexer13batch_serviceINtB5_12BatchIndexerNtNtB7_10test_utils15MockRpcProviderE3newB9_
FN:242,_RNvMs2_NtNtCs1UgwbsbadXT_17fossil_headers_db7indexer13batch_serviceINtB5_12BatchIndexerNtNtB7_10test_utils15MockRpcProviderE5indexB9_
FN:424,_RNCNCNCNvMs2_NtNtCsbxLqOPlq5Lb_17fossil_headers_db7indexer13batch_serviceINtBb_12BatchIndexerNtNtBf_3rpc21EthereumJsonRpcClientE24create_block_fetch_tasks000Bf_
FN:437,_RNCNCNCNvMs2_NtNtCsbxLqOPlq5Lb_17fossil_headers_db7indexer13batch_serviceINtBb_12BatchIndexerNtNtBf_3rpc21EthereumJsonRpcClientE24create_block_fetch_tasks00s0_0Bf_
FN:436,_RNCNCNCNvMs2_NtNtCsbxLqOPlq5Lb_17fossil_headers_db7indexer13batch_serviceINtBb_12BatchIndexerNtNtBf_3rpc21EthereumJsonRpcClientE24create_block_fetch_tasks00s_0Bf_
FN:608,_RNCNCNvMs2_NtNtCsbxLqOPlq5Lb_17fossil_headers_db7indexer13batch_serviceINtB9_12BatchIndexerNtNtBd_3rpc21EthereumJsonRpcClientE20verify_blocks_stored00Bd_
FN:545,_RNCNCNvMs2_NtNtCsbxLqOPlq5Lb_17fossil_headers_db7indexer13batch_serviceINtB9_12BatchIndexerNtNtBd_3rpc21EthereumJsonRpcClientE23save_blocks_to_database00Bd_
FN:563,_RNCNCNvMs2_NtNtCsbxLqOPlq5Lb_17fossil_headers_db7indexer13batch_serviceINtB9_12BatchIndexerNtNtBd_3rpc21EthereumJsonRpcClientE23save_blocks_to_database0s0_0Bd_
FN:588,_RNCNCNvMs2_NtNtCsbxLqOPlq5Lb_17fossil_headers_db7indexer13batch_serviceINtB9_12BatchIndexerNtNtBd_3rpc21EthereumJsonRpcClientE23save_blocks_to_database0s1_0Bd_
FN:558,_RNCNCNvMs2_NtNtCsbxLqOPlq5Lb_17fossil_headers_db7indexer13batch_serviceINtB9_12BatchIndexerNtNtBd_3rpc21EthereumJsonRpcClientE23save_blocks_to_database0s_0Bd_
FN:420,_RNCNCNvMs2_NtNtCsbxLqOPlq5Lb_17fossil_headers_db7indexer13batch_serviceINtB9_12BatchIndexerNtNtBd_3rpc21EthereumJsonRpcClientE24create_block_fetch_tasks00Bd_
FN:335,_RNCNvMs2_NtNtCsbxLqOPlq5Lb_17fossil_headers_db7indexer13batch_serviceINtB7_12BatchIndexerNtNtBb_3rpc21EthereumJsonRpcClientE17index_block_range0Bb_
FN:602,_RNCNvMs2_NtNtCsbxLqOPlq5Lb_17fossil_headers_db7indexer13batch_serviceINtB7_12BatchIndexerNtNtBb_3rpc21EthereumJsonRpcClientE19apply_retry_backoff0Bb_
FN:395,_RNCNvMs2_NtNtCsbxLqOPlq5Lb_17fossil_headers_db7indexer13batch_serviceINtB7_12BatchIndexerNtNtBb_3rpc21EthereumJsonRpcClientE19fetch_block_headers0Bb_
FN:274,_RNCNvMs2_NtNtCsbxLqOPlq5Lb_17fossil_headers_db7indexer13batch_serviceINtB7_12BatchIndexerNtNtBb_3rpc21EthereumJsonRpcClientE20get_current_metadata0Bb_
FN:607,_RNCNvMs2_NtNtCsbxLqOPlq5Lb_17fossil_headers_db7indexer13batch_serviceINtB7_12BatchIndexerNtNtBb_3rpc21EthereumJsonRpcClientE20verify_blocks_stored0Bb_
FN:288,_RNCNvMs2_NtNtCsbxLqOPlq5Lb_17fossil_headers_db7indexer13batch_serviceINtB7_12BatchIndexerNtNtBb_3rpc21EthereumJsonRpcClientE21get_total_block_count0Bb_
FN:295,_RNCNvMs2_NtNtCsbxLqOPlq5Lb_17fossil_headers_db7indexer13batch_serviceINtB7_12BatchIndexerNtNtBb_3rpc21EthereumJsonRpcClientE23get_latest_block_number0Bb_
FN:543,_RNCNvMs2_NtNtCsbxLqOPlq5Lb_17fossil_headers_db7indexer13batch_serviceINtB7_12BatchIndexerNtNtBb_3rpc21EthereumJsonRpcClientE23save_blocks_to_database0Bb_
FN:416,_RNCNvMs2_NtNtCsbxLqOPlq5Lb_17fossil_headers_db7indexer13batch_serviceINtB7_12BatchIndexerNtNtBb_3rpc21EthereumJsonRpcClientE24create_block_fetch_tasks0Bb_
FN:521,_RNCNvMs2_NtNtCsbxLqOPlq5Lb_17fossil_headers_db7indexer13batch_serviceINtB7_12BatchIndexerNtNtBb_3rpc21EthereumJsonRpcClientE28apply_backpressure_if_needed0Bb_
FN:242,_RNCNvMs2_NtNtCsbxLqOPlq5Lb_17fossil_headers_db7indexer13batch_serviceINtB7_12BatchIndexerNtNtBb_3rpc21EthereumJsonRpcClientE5index0Bb_
FN:330,_RNvMs2_NtNtCsbxLqOPlq5Lb_17fossil_headers_db7indexer13batch_serviceINtB5_12BatchIndexerNtNtB9_3rpc21EthereumJsonRpcClientE17index_block_rangeB9_
FN:602,_RNvMs2_NtNtCsbxLqOPlq5Lb_17fossil_headers_db7indexer13batch_serviceINtB5_12BatchIndexerNtNtB9_3rpc21EthereumJsonRpcClientE19apply_retry_backoffB9_
FN:391,_RNvMs2_NtNtCsbxLqOPlq5Lb_17fossil_headers_db7indexer13batch_serviceINtB5_12BatchIndexerNtNtB9_3rpc21EthereumJsonRpcClientE19fetch_block_headersB9_
FN:272,_RNvMs2_NtNtCsbxLqOPlq5Lb_17fossil_headers_db7indexer13batch_serviceINtB5_12BatchIndexerNtNtB9_3rpc21EthereumJsonRpcClientE20get_current_metadataB9_
FN:607,_RNvMs2_NtNtCsbxLqOPlq5Lb_17fossil_headers_db7indexer13batch_serviceINtB5_12BatchIndexerNtNtB9_3rpc21EthereumJsonRpcClientE20verify_blocks_storedB9_
[...]
FN:203,_RNvMs9_NtCs1UgwbsbadXT_17fossil_headers_db5typesNtB5_15TransactionHash10into_value
FN:191,_RNvMs9_NtCs1UgwbsbadXT_17fossil_headers_db5typesNtB5_15TransactionHash12from_trusted
FN:277,_RNvMsd_NtCs1UgwbsbadXT_17fossil_headers_db5typesNtB5_7Address10into_value
FN:374,_RNvNtNtCs1UgwbsbadXT_17fossil_headers_db5types5testss_18test_address_valid
FN:348,_RNvNtNtCs1UgwbsbadXT_17fossil_headers_db5types5testss_21test_block_hash_valid
FN:331,_RNvNtNtCs1UgwbsbadXT_17fossil_headers_db5types5testss_23test_block_number_valid
FN:387,_RNvNtNtCs1UgwbsbadXT_17fossil_headers_db5types5testss_26test_address_invalid_chars
FN:342,_RNvNtNtCs1UgwbsbadXT_17fossil_headers_db5types5testss_26test_block_number_from_hex
FN:337,_RNvNtNtCs1UgwbsbadXT_17fossil_headers_db5types5testss_26test_block_number_negative
FN:381,_RNvNtNtCs1UgwbsbadXT_17fossil_headers_db5types5testss_27test_address_invalid_length
FN:367,_RNvNtNtCs1UgwbsbadXT_17fossil_headers_db5types5testss_27test_transaction_hash_valid
FN:361,_RNvNtNtCs1UgwbsbadXT_17fossil_headers_db5types5testss_29test_block_hash_invalid_chars
FN:355,_RNvNtNtCs1UgwbsbadXT_17fossil_headers_db5types5testss_30test_block_hash_invalid_length
FN:44,_RNCNvMNtCs1UgwbsbadXT_17fossil_headers_db5typesNtB4_11BlockNumber8from_hex0B6_
FN:147,_RNCNvMs5_NtCs1UgwbsbadXT_17fossil_headers_db5typesNtB7_9BlockHash17validate_hex_hash0B9_
FN:221,_RNCNvMs9_NtCs1UgwbsbadXT_17fossil_headers_db5typesNtB7_15TransactionHash17validate_hex_hash0B9_
FN:295,_RNCNvMsd_NtCs1UgwbsbadXT_17fossil_headers_db5typesNtB7_7Address16validate_address0B9_
FN:70,_RNCNvXs1_NtCs1UgwbsbadXT_17fossil_headers_db5typesNtB7_11BlockNumberNtNtNtCs1p5UDGgVI4d_4core3str6traits7FromStr8from_str0B9_
FN:165,_RNvXs7_NtCsbxLqOPlq5Lb_17fossil_headers_db5typesNtNtCsaFPxhswmqCN_5alloc6string6StringINtNtCs1p5UDGgVI4d_4core7convert4FromNtB5_9BlockHashE4from
FN:239,_RNvXsb_NtCsbxLqOPlq5Lb_17fossil_headers_db5typesNtNtCsaFPxhswmqCN_5alloc6string6StringINtNtCs1p5UDGgVI4d_4core7convert4FromNtB5_15TransactionHashE4from
FN:313,_RNvXsf_NtCsbxLqOPlq5Lb_17fossil_headers_db5typesNtNtCsaFPxhswmqCN_5alloc6string6StringINtNtCs1p5UDGgVI4d_4core7convert4FromNtB5_7AddressE4from
FN:31,_RNvMNtCsbxLqOPlq5Lb_17fossil_headers_db5typesNtB2_11BlockNumber12from_trusted
FN:13,_RNvMNtCsbxLqOPlq5Lb_17fossil_headers_db5typesNtB2_11BlockNumber3new
FN:37,_RNvMNtCsbxLqOPlq5Lb_17fossil_headers_db5typesNtB2_11BlockNumber5value
FN:42,_RNvMNtCsbxLqOPlq5Lb_17fossil_headers_db5typesNtB2_11BlockNumber8from_hex
FN:129,_RNvMs5_NtCsbxLqOPlq5Lb_17fossil_headers_db5typesNtB5_9BlockHash10into_value
FN:117,_RNvMs5_NtCsbxLqOPlq5Lb_17fossil_headers_db5typesNtB5_9BlockHash12from_trusted
FN:133,_RNvMs5_NtCsbxLqOPlq5Lb_17fossil_headers_db5typesNtB5_9BlockHash17validate_hex_hash
FN:110,_RNvMs5_NtCsbxLqOPlq5Lb_17fossil_headers_db5typesNtB5_9BlockHash3new
FN:123,_RNvMs5_NtCsbxLqOPlq5Lb_17fossil_headers_db5typesNtB5_9BlockHash5value
FN:203,_RNvMs9_NtCsbxLqOPlq5Lb_17fossil_headers_db5typesNtB5_15TransactionHash10into_value
FN:191,_RNvMs9_NtCsbxLqOPlq5Lb_17fossil_headers_db5typesNtB5_15TransactionHash12from_trusted
FN:207,_RNvMs9_NtCsbxLqOPlq5Lb_17fossil_headers_db5typesNtB5_15TransactionHash17validate_hex_hash
FN:184,_RNvMs9_NtCsbxLqOPlq5Lb_17fossil_headers_db5typesNtB5_15TransactionHash3new
FN:197,_RNvMs9_NtCsbxLqOPlq5Lb_17fossil_headers_db5typesNtB5_15TransactionHash5value
FN:277,_RNvMsd_NtCsbxLqOPlq5Lb_17fossil_headers_db5typesNtB5_7Address10into_value
FN:265,_RNvMsd_NtCsbxLqOPlq5Lb_17fossil_headers_db5typesNtB5_7Address12from_trusted
FN:281,_RNvMsd_NtCsbxLqOPlq5Lb_17fossil_headers_db5typesNtB5_7Address16validate_address
FN:258,_RNvMsd_NtCsbxLqOPlq5Lb_17fossil_headers_db5typesNtB5_7Address3new
FN:271,_RNvMsd_NtCsbxLqOPlq5Lb_17fossil_headers_db5typesNtB5_7Address5value
FN:61,_RNvXs0_NtCsbxLqOPlq5Lb_17fossil_headers_db5typesxINtNtCs1p5UDGgVI4d_4core7convert4FromNtB5_11BlockNumberE4from
FN:69,_RNvXs1_NtCsbxLqOPlq5Lb_17fossil_headers_db5typesNtB5_11BlockNumberNtNtNtCs1p5UDGgVI4d_4core3str6traits7FromStr8from_str
FN:83,_RNvXs2_NtCsbxLqOPlq5Lb_17fossil_headers_db5typesNtB5_11BlockNumberINtNtNtCs1p5UDGgVI4d_4core3ops5arith3AddxE3add
FN:91,_RNvXs3_NtCsbxLqOPlq5Lb_17fossil_headers_db5typesNtB5_11BlockNumberINtNtNtCs1p5UDGgVI4d_4core3ops5arith3SubxE3sub
FN:99,_RNvXs4_NtCsbxLqOPlq5Lb_17fossil_headers_db5typesNtB5_11BlockNumberNtNtNtCs1p5UDGgVI4d_4core3ops5arith3Sub3sub
FN:159,_RNvXs6_NtCsbxLqOPlq5Lb_17fossil_headers_db5typesNtB5_9BlockHashNtNtCs1p5UDGgVI4d_4core3fmt7Display3fmt
FN:173,_RNvXs8_NtCsbxLqOPlq5Lb_17fossil_headers_db5typesNtB5_9BlockHashNtNtNtCs1p5UDGgVI4d_4core3str6traits7FromStr8from_str
FN:55,_RNvXs_NtCsbxLqOPlq5Lb_17fossil_headers_db5typesNtB4_11BlockNumberNtNtCs1p5UDGgVI4d_4core3fmt7Display3fmt
FN:233,_RNvXsa_NtCsbxLqOPlq5Lb_17fossil_headers_db5typesNtB5_15TransactionHashNtNtCs1p5UDGgVI4d_4core3fmt7Display3fmt
FN:247,_RNvXsc_NtCsbxLqOPlq5Lb_17fossil_headers_db5typesNtB5_15TransactionHashNtNtNtCs1p5UDGgVI4d_4core3str6traits7FromStr8from_str
FN:307,_RNvXse_NtCsbxLqOPlq5Lb_17fossil_headers_db5typesNtB5_7AddressNtNtCs1p5UDGgVI4d_4core3fmt7Display3fmt
FN:321,_RNvXsg_NtCsbxLqOPlq5Lb_17fossil_headers_db5typesNtB5_7AddressNtNtNtCs1p5UDGgVI4d_4core3str6traits7FromStr8from_str
FN:44,_RNCNvMNtCsbxLqOPlq5Lb_17fossil_headers_db5typesNtB4_11BlockNumber8from_hex0B6_
FN:147,_RNCNvMs5_NtCsbxLqOPlq5Lb_17fossil_headers_db5typesNtB7_9BlockHash17validate_hex_hash0B9_
FN:221,_RNCNvMs9_NtCsbxLqOPlq5Lb_17fossil_headers_db5typesNtB7_15TransactionHash17validate_hex_hash0B9_
FN:295,_RNCNvMsd_NtCsbxLqOPlq5Lb_17fossil_headers_db5typesNtB7_7Address16validate_address0B9_
FN:70,_RNCNvXs1_NtCsbxLqOPlq5Lb_17fossil_headers_db5typesNtB7_11BlockNumberNtNtNtCs1p5UDGgVI4d_4core3str6traits7FromStr8from_str0B9_
FNDA:1615,_RNvMNtCs1UgwbsbadXT_17fossil_headers_db5typesNtB2_11BlockNumber12from_trusted
FNDA:3226,_RNvMNtCs1UgwbsbadXT_17fossil_headers_db5typesNtB2_11BlockNumber3new
FNDA:3342,_RNvMNtCs1UgwbsbadXT_17fossil_headers_db5typesNtB2_11BlockNumber5value
FNDA:773,_RNvMNtCs1UgwbsbadXT_17fossil_headers_db5typesNtB2_11BlockNumber8from_hex
FNDA:256,_RNvMs5_NtCs1UgwbsbadXT_17fossil_headers_db5typesNtB5_9BlockHash12from_trusted
FNDA:3235,_RNvMs5_NtCs1UgwbsbadXT_17fossil_headers_db5typesNtB5_9BlockHash17validate_hex_hash
FNDA:3235,_RNvMs5_NtCs1UgwbsbadXT_17fossil_headers_db5typesNtB5_9BlockHash3new
FNDA:1025,_RNvMs5_NtCs1UgwbsbadXT_17fossil_headers_db5typesNtB5_9BlockHash5value
FNDA:2465,_RNvMs9_NtCs1UgwbsbadXT_17fossil_headers_db5typesNtB5_15TransactionHash17validate_hex_hash
FNDA:2465,_RNvMs9_NtCs1UgwbsbadXT_17fossil_headers_db5typesNtB5_15TransactionHash3new
FNDA:513,_RNvMs9_NtCs1UgwbsbadXT_17fossil_headers_db5typesNtB5_15TransactionHash5value
FNDA:256,_RNvMsd_NtCs1UgwbsbadXT_17fossil_headers_db5typesNtB5_7Address12from_trusted
FNDA:2687,_RNvMsd_NtCs1UgwbsbadXT_17fossil_headers_db5typesNtB5_7Address16validate_address
FNDA:2687,_RNvMsd_NtCs1UgwbsbadXT_17fossil_headers_db5typesNtB5_7Address3new
FNDA:1025,_RNvMsd_NtCs1UgwbsbadXT_17fossil_headers_db5typesNtB5_7Address5value
FNDA:256,_RNvXs0_NtCs1UgwbsbadXT_17fossil_headers_db5typesxINtNtCs1p5UDGgVI4d_4core7convert4FromNtB5_11BlockNumberE4from
FNDA:256,_RNvXs1_NtCs1UgwbsbadXT_17fossil_headers_db5typesNtB5_11BlockNumberNtNtNtCs1p5UDGgVI4d_4core3str6traits7FromStr8from_str
FNDA:256,_RNvXs2_NtCs1UgwbsbadXT_17fossil_headers_db5typesNtB5_11BlockNumberINtNtNtCs1p5UDGgVI4d_4core3ops5arith3AddxE3add
FNDA:128,_RNvXs3_NtCs1UgwbsbadXT_17fossil_headers_db5typesNtB5_11BlockNumberINtNtNtCs1p5UDGgVI4d_4core3ops5arith3SubxE3sub
FNDA:388,_RNvXs4_NtCs1UgwbsbadXT_17fossil_headers_db5typesNtB5_11BlockNumberNtNtNtCs1p5UDGgVI4d_4core3ops5arith3Sub3sub
FNDA:256,_RNvXs6_NtCs1UgwbsbadXT_17fossil_headers_db5typesNtB5_9BlockHashNtNtCs1p5UDGgVI4d_4core3fmt7Display3fmt
FNDA:256,_RNvXs8_NtCs1UgwbsbadXT_17fossil_headers_db5typesNtB5_9BlockHashNtNtNtCs1p5UDGgVI4d_4core3str6traits7FromStr8from_str
FNDA:256,_RNvXs_NtCs1UgwbsbadXT_17fossil_headers_db5typesNtB4_11BlockNumberNtNtCs1p5UDGgVI4d_4core3fmt7Display3fmt
FNDA:256,_RNvXsa_NtCs1UgwbsbadXT_17fossil_headers_db5typesNtB5_15TransactionHashNtNtCs1p5UDGgVI4d_4core3fmt7Display3fmt
FNDA:256,_RNvXsc_NtCs1UgwbsbadXT_17fossil_headers_db5typesNtB5_15TransactionHashNtNtNtCs1p5UDGgVI4d_4core3str6traits7FromStr8from_str
FNDA:256,_RNvXse_NtCs1UgwbsbadXT_17fossil_headers_db5typesNtB5_7AddressNtNtCs1p5UDGgVI4d_4core3fmt7Display3fmt
FNDA:256,_RNvXsg_NtCs1UgwbsbadXT_17fossil_headers_db5typesNtB5_7AddressNtNtNtCs1p5UDGgVI4d_4core3str6traits7FromStr8from_str
FNDA:256,_RNvXs7_NtCs1UgwbsbadXT_17fossil_headers_db5typesNtNtCsaFPxhswmqCN_5alloc6string6StringINtNtCs1p5UDGgVI4d_4core7convert4FromNtB5_9BlockHashE4from
FNDA:256,_RNvXsb_NtCs1UgwbsbadXT_17fossil_headers_db5typesNtNtCsaFPxhswmqCN_5alloc6string6StringINtNtCs1p5UDGgVI4d_4core7convert4FromNtB5_15TransactionHashE4from
FNDA:256,_RNvXsf_NtCs1UgwbsbadXT_17fossil_headers_db5typesNtNtCsaFPxhswmqCN_5alloc6string6StringINtNtCs1p5UDGgVI4d_4core7convert4FromNtB5_7AddressE4from
FNDA:0,_RNvMs5_NtCs1UgwbsbadXT_17fossil_headers_db5typesNtB5_9BlockHash10into_value
FNDA:0,_RNvMs9_NtCs1UgwbsbadXT_17fossil_headers_db5typesNtB5_15TransactionHash10into_value
FNDA:0,_RNvMs9_NtCs1UgwbsbadXT_17fossil_headers_db5typesNtB5_15TransactionHash12from_trusted
FNDA:0,_RNvMsd_NtCs1UgwbsbadXT_17fossil_headers_db5typesNtB5_7Address10into_value
FNDA:1,_RNvNtNtCs1UgwbsbadXT_17fossil_headers_db5types5testss_18test_address_valid
FNDA:1,_RNvNtNtCs1UgwbsbadXT_17fossil_headers_db5types5testss_21test_block_hash_valid
FNDA:1,_RNvNtNtCs1UgwbsbadXT_17fossil_headers_db5types5testss_23test_block_number_valid
FNDA:1,_RNvNtNtCs1UgwbsbadXT_17fossil_headers_db5types5testss_26test_address_invalid_chars
FNDA:1,_RNvNtNtCs1UgwbsbadXT_17fossil_headers_db5types5testss_26test_block_number_from_hex
FNDA:1,_RNvNtNtCs1UgwbsbadXT_17fossil_headers_db5types5testss_26test_block_number_negative
FNDA:1,_RNvNtNtCs1UgwbsbadXT_17fossil_headers_db5types5testss_27test_address_invalid_length
FNDA:1,_RNvNtNtCs1UgwbsbadXT_17fossil_headers_db5types5testss_27test_transaction_hash_valid
FNDA:1,_RNvNtNtCs1UgwbsbadXT_17fossil_headers_db5types5testss_29test_block_hash_invalid_chars
FNDA:1,_RNvNtNtCs1UgwbsbadXT_17fossil_headers_db5types5testss_30test_block_hash_invalid_length
FNDA:514,_RNCNvMNtCs1UgwbsbadXT_17fossil_headers_db5typesNtB4_11BlockNumber8from_hex0B6_
FNDA:141312,_RNCNvMs5_NtCs1UgwbsbadXT_17fossil_headers_db5typesNtB7_9BlockHash17validate_hex_hash0B9_
FNDA:124864,_RNCNvMs9_NtCs1UgwbsbadXT_17fossil_headers_db5typesNtB7_15TransactionHash17validate_hex_hash0B9_
FNDA:86880,_RNCNvMsd_NtCs1UgwbsbadXT_17fossil_headers_db5typesNtB7_7Address16validate_address0B9_
FNDA:0,_RNCNvXs1_NtCs1UgwbsbadXT_17fossil_headers_db5typesNtB7_11BlockNumberNtNtNtCs1p5UDGgVI4d_4core3str6traits7FromStr8from_str0B9_
FNDA:0,_RNvXs7_NtCsbxLqOPlq5Lb_17fossil_headers_db5typesNtNtCsaFPxhswmqCN_5alloc6string6StringINtNtCs1p5UDGgVI4d_4core7convert4FromNtB5_9BlockHashE4from
FNDA:0,_RNvXsb_NtCsbxLqOPlq5Lb_17fossil_headers_db5typesNtNtCsaFPxhswmqCN_5alloc6string6StringINtNtCs1p5UDGgVI4d_4core7convert4FromNtB5_15TransactionHashE4from
FNDA:0,_RNvXsf_NtCsbxLqOPlq5Lb_17fossil_headers_db5typesNtNtCsaFPxhswmqCN_5alloc6string6StringINtNtCs1p5UDGgVI4d_4core7convert4FromNtB5_7AddressE4from
FNDA:29,_RNvMNtCsbxLqOPlq5Lb_17fossil_headers_db5typesNtB2_11BlockNumber12from_trusted
FNDA:14,_RNvMNtCsbxLqOPlq5Lb_17fossil_headers_db5typesNtB2_11BlockNumber3new
FNDA:27,_RNvMNtCsbxLqOPlq5Lb_17fossil_headers_db5typesNtB2_11BlockNumber5value
FNDA:14,_RNvMNtCsbxLqOPlq5Lb_17fossil_headers_db5typesNtB2_11BlockNumber8from_hex
FNDA:0,_RNvMs5_NtCsbxLqOPlq5Lb_17fossil_headers_db5typesNtB5_9BlockHash10into_value
FNDA:0,_RNvMs5_NtCsbxLqOPlq5Lb_17fossil_headers_db5typesNtB5_9BlockHash12from_trusted
FNDA:0,_RNvMs5_NtCsbxLqOPlq5Lb_17fossil_headers_db5typesNtB5_9BlockHash17validate_hex_hash
FNDA:0,_RNvMs5_NtCsbxLqOPlq5Lb_17fossil_headers_db5typesNtB5_9BlockHash3new
FNDA:0,_RNvMs5_NtCsbxLqOPlq5Lb_17fossil_headers_db5typesNtB5_9BlockHash5value
FNDA:0,_RNvMs9_NtCsbxLqOPlq5Lb_17fossil_headers_db5typesNtB5_15TransactionHash10into_value
FNDA:0,_RNvMs9_NtCsbxLqOPlq5Lb_17fossil_headers_db5typesNtB5_15TransactionHash12from_trusted
FNDA:0,_RNvMs9_NtCsbxLqOPlq5Lb_17fossil_headers_db5typesNtB5_15TransactionHash17validate_hex_hash
FNDA:0,_RNvMs9_NtCsbxLqOPlq5Lb_17fossil_headers_db5typesNtB5_15TransactionHash3new
FNDA:0,_RNvMs9_NtCsbxLqOPlq5Lb_17fossil_headers_db5typesNtB5_15TransactionHash5value
FNDA:0,_RNvMsd_NtCsbxLqOPlq5Lb_17fossil_headers_db5typesNtB5_7Address10into_value
FNDA:0,_RNvMsd_NtCsbxLqOPlq5Lb_17fossil_headers_db5typesNtB5_7Address12from_trusted
FNDA:0,_RNvMsd_NtCsbxLqOPlq5Lb_17fossil_headers_db5typesNtB5_7Address16validate_address
FNDA:0,_RNvMsd_NtCsbxLqOPlq5Lb_17fossil_headers_db5typesNtB5_7Address3new
FNDA:0,_RNvMsd_NtCsbxLqOPlq5Lb_17fossil_headers_db5typesNtB5_7Address5value
FNDA:0,_RNvXs0_NtCsbxLqOPlq5Lb_17fossil_headers_db5typesxINtNtCs1p5UDGgVI4d_4core7convert4FromNtB5_11BlockNumberE4from
FNDA:0,_RNvXs1_NtCsbxLqOPlq5Lb_17fossil_headers_db5typesNtB5_11BlockNumberNtNtNtCs1p5UDGgVI4d_4core3str6traits7FromStr8from_str
FNDA:0,_RNvXs2_NtCsbxLqOPlq5Lb_17fossil_headers_db5typesNtB5_11BlockNumberINtNtNtCs1p5UDGgVI4d_4core3ops5arith3AddxE3add
FNDA:3,_RNvXs3_NtCsbxLqOPlq5Lb_17fossil_headers_db5typesNtB5_11BlockNumberINtNtNtCs1p5UDGgVI4d_4core3ops5arith3SubxE3sub
FNDA:0,_RNvXs4_NtCsbxLqOPlq5Lb_17fossil_headers_db5typesNtB5_11BlockNumberNtNtNtCs1p5UDGgVI4d_4core3ops5arith3Sub3sub
FNDA:0,_RNvXs6_NtCsbxLqOPlq5Lb_17fossil_headers_db5typesNtB5_9BlockHashNtNtCs1p5UDGgVI4d_4core3fmt7Display3fmt
FNDA:0,_RNvXs8_NtCsbxLqOPlq5Lb_17fossil_headers_db5typesNtB5_9BlockHashNtNtNtCs1p5UDGgVI4d_4core3str6traits7FromStr8from_str
FNDA:0,_RNvXs_NtCsbxLqOPlq5Lb_17fossil_headers_db5typesNtB4_11BlockNumberNtNtCs1p5UDGgVI4d_4core3fmt7Display3fmt
FNDA:0,_RNvXsa_NtCsbxLqOPlq5Lb_17fossil_headers_db5typesNtB5_15TransactionHashNtNtCs1p5UDGgVI4d_4core3fmt7Display3fmt
FNDA:0,_RNvXsc_NtCsbxLqOPlq5Lb_17fossil_headers_db5typesNtB5_15TransactionHashNtNtNtCs1p5UDGgVI4d_4core3str6traits7FromStr8from_str
FNDA:0,_RNvXse_NtCsbxLqOPlq5Lb_17fossil_headers_db5typesNtB5_7AddressNtNtCs1p5UDGgVI4d_4core3fmt7Display3fmt
FNDA:0,_RNvXsg_NtCsbxLqOPlq5Lb_17fossil_headers_db5typesNtB5_7AddressNtNtNtCs1p5UDGgVI4d_4core3str6traits7FromStr8from_str
FNDA:0,_RNCNvMNtCsbxLqOPlq5Lb_17fossil_headers_db5typesNtB4_11BlockNumber8from_hex0B6_
FNDA:0,_RNCNvMs5_NtCsbxLqOPlq5Lb_17fossil_headers_db5typesNtB7_9BlockHash17validate_hex_hash0B9_
FNDA:0,_RNCNvMs9_NtCsbxLqOPlq5Lb_17fossil_headers_db5typesNtB7_15TransactionHash17validate_hex_hash0B9_
FNDA:0,_RNCNvMsd_NtCsbxLqOPlq5Lb_17fossil_headers_db5typesNtB7_7Address16validate_address0B9_
FNDA:0,_RNCNvXs1_NtCsbxLqOPlq5Lb_17fossil_headers_db5typesNtB7_11BlockNumberNtNtNtCs1p5UDGgVI4d_4core3str6traits7FromStr8from_str0B9_
FNF:49
FNH:44
DA:13,3240
DA:14,3240
DA:15,127
DA:16,127
DA:17,127
DA:18,127
DA:19,3113
DA:20,3113
DA:21,131
DA:22,131
DA:23,131
DA:24,131
DA:25,2982
DA:26,2982
DA:27,3240
DA:31,1644
DA:32,1644
DA:33,1644
DA:37,3369
DA:38,3369
DA:39,3369
DA:42,787
DA:43,787
DA:44,787
DA:45,514
DA:46,514
DA:47,514
DA:49,514
DA:50,273
DA:51,787
DA:55,256
DA:56,256
DA:57,256
DA:61,256
DA:62,256
DA:63,256
DA:69,256
DA:70,256
DA:71,0
DA:72,0
DA:73,0
DA:75,0
DA:76,256
DA:77,256
DA:83,256
DA:84,256
DA:85,256
DA:91,131
DA:92,131
DA:93,131
DA:99,388
DA:100,388
DA:101,388
DA:110,3235
DA:111,3235
DA:112,2207
DA:113,3235
DA:117,256
DA:118,256
DA:119,256
DA:123,1025
DA:124,1025
DA:125,1025
DA:129,0
DA:130,0
DA:131,0
DA:133,3235
DA:134,3235
DA:136,3235
DA:137,1027
DA:138,1027
DA:139,1027
DA:140,1027
DA:141,1027
DA:142,1027
DA:143,1027
DA:144,1027
DA:145,2208
DA:147,141312
DA:148,1
DA:149,1
DA:150,1
DA:151,1
DA:152,2207
DA:154,2207
DA:155,3235
DA:159,256
DA:160,256
DA:161,256
DA:165,256
DA:166,256
DA:167,256
DA:173,256
DA:174,256
DA:175,256
DA:184,2465
DA:185,2465
DA:186,1951
DA:187,2465
DA:191,0
DA:192,0
DA:193,0
DA:197,513
DA:198,513
DA:199,513
DA:203,0
DA:204,0
DA:205,0
DA:207,2465
DA:208,2465
DA:210,2465
DA:211,514
DA:212,514
DA:213,514
DA:214,514
DA:215,514
DA:216,514
DA:217,514
DA:218,514
DA:219,1951
DA:221,124864
DA:222,0
DA:223,0
DA:224,0
DA:225,0
DA:226,1951
DA:228,1951
DA:229,2465
DA:233,256
DA:234,256
DA:235,256
DA:239,256
DA:240,256
DA:241,256
DA:247,256
DA:248,256
DA:249,256
DA:258,2687
DA:259,2687
DA:260,2171
DA:261,2687
DA:265,256
DA:266,256
DA:267,256
DA:271,1025
DA:272,1025
DA:273,1025
DA:277,0
DA:278,0
DA:279,0
DA:281,2687
DA:282,2687
DA:284,2687
DA:285,515
DA:286,515
DA:287,515
DA:288,515
DA:289,515
DA:290,515
DA:291,515
DA:292,515
DA:293,2172
DA:295,86880
DA:296,1
DA:297,1
DA:298,1
DA:299,1
DA:300,2171
DA:302,2171
DA:303,2687
DA:307,256
DA:308,256
DA:309,256
DA:313,256
DA:314,256
DA:315,256
DA:321,256
DA:322,256
DA:323,256
DA:331,1
DA:332,1
DA:333,1
DA:334,1
DA:337,1
DA:338,1
DA:339,1
DA:342,1
DA:343,1
DA:344,1
DA:345,1
DA:348,1
DA:349,1
DA:350,1
DA:351,1
DA:352,1
DA:355,1
DA:356,1
DA:357,1
DA:358,1
DA:361,1
DA:362,1
DA:363,1
DA:364,1
DA:367,1
DA:368,1
DA:369,1
DA:370,1
DA:371,1
DA:374,1
DA:375,1
DA:376,1
DA:377,1
DA:378,1
DA:381,1
DA:382,1
DA:383,1
DA:384,1
DA:387,1
DA:388,1
DA:389,1
DA:390,1
BRF:0
BRH:0
LF:228
LH:206
end_of_record
SF:/home/ametel/source/fossil-headers-db/src/utils.rs
FN:8,_RNvNtCs1UgwbsbadXT_17fossil_headers_db5utils25convert_hex_string_to_i32
FN:3,_RNvNtCs1UgwbsbadXT_17fossil_headers_db5utils25convert_hex_string_to_i64
FN:10,_RNCNvNtCs1UgwbsbadXT_17fossil_headers_db5utils25convert_hex_string_to_i320B5_
FN:5,_RNCNvNtCs1UgwbsbadXT_17fossil_headers_db5utils25convert_hex_string_to_i640B5_
FN:38,_RNvNtNtCs1UgwbsbadXT_17fossil_headers_db5utils5testss_30test_convert_hex_string_to_i32
FN:18,_RNvNtNtCs1UgwbsbadXT_17fossil_headers_db5utils5testss_30test_convert_hex_string_to_i64
FN:45,_RNvNtNtCs1UgwbsbadXT_17fossil_headers_db5utils5testss_38test_convert_hex_string_to_i32_invalid
FN:25,_RNvNtNtCs1UgwbsbadXT_17fossil_headers_db5utils5testss_38test_convert_hex_string_to_i64_invalid
FN:51,_RNvNtNtCs1UgwbsbadXT_17fossil_headers_db5utils5testss_40test_convert_hex_string_to_i32_no_prefix
FN:31,_RNvNtNtCs1UgwbsbadXT_17fossil_headers_db5utils5testss_40test_convert_hex_string_to_i64_no_prefix
FN:8,_RNvNtCsbxLqOPlq5Lb_17fossil_headers_db5utils25convert_hex_string_to_i32
FN:3,_RNvNtCsbxLqOPlq5Lb_17fossil_headers_db5utils25convert_hex_string_to_i64
FN:10,_RNCNvNtCsbxLqOPlq5Lb_17fossil_headers_db5utils25convert_hex_string_to_i320B5_
FN:5,_RNCNvNtCsbxLqOPlq5Lb_17fossil_headers_db5utils25convert_hex_string_to_i640B5_
FNDA:679,_RNvNtCs1UgwbsbadXT_17fossil_headers_db5utils25convert_hex_string_to_i32
FNDA:945,_RNvNtCs1UgwbsbadXT_17fossil_headers_db5utils25convert_hex_string_to_i64
FNDA:2,_RNCNvNtCs1UgwbsbadXT_17fossil_headers_db5utils25convert_hex_string_to_i320B5_
FNDA:9,_RNCNvNtCs1UgwbsbadXT_17fossil_headers_db5utils25convert_hex_string_to_i640B5_
FNDA:1,_RNvNtNtCs1UgwbsbadXT_17fossil_headers_db5utils5testss_30test_convert_hex_string_to_i32
FNDA:1,_RNvNtNtCs1UgwbsbadXT_17fossil_headers_db5utils5testss_30test_convert_hex_string_to_i64
FNDA:1,_RNvNtNtCs1UgwbsbadXT_17fossil_headers_db5utils5testss_38test_convert_hex_string_to_i32_invalid
FNDA:1,_RNvNtNtCs1UgwbsbadXT_17fossil_headers_db5utils5testss_38test_convert_hex_string_to_i64_invalid
FNDA:1,_RNvNtNtCs1UgwbsbadXT_17fossil_headers_db5utils5testss_40test_convert_hex_string_to_i32_no_prefix
FNDA:1,_RNvNtNtCs1UgwbsbadXT_17fossil_headers_db5utils5testss_40test_convert_hex_string_to_i64_no_prefix
FNDA:0,_RNvNtCsbxLqOPlq5Lb_17fossil_headers_db5utils25convert_hex_string_to_i32
FNDA:114,_RNvNtCsbxLqOPlq5Lb_17fossil_headers_db5utils25convert_hex_string_to_i64
FNDA:0,_RNCNvNtCsbxLqOPlq5Lb_17fossil_headers_db5utils25convert_hex_string_to_i320B5_
FNDA:0,_RNCNvNtCsbxLqOPlq5Lb_17fossil_headers_db5utils25convert_hex_string_to_i640B5_
FNF:10
FNH:10
DA:3,1059
DA:4,1059
DA:5,1059
DA:6,1059
DA:8,679
DA:9,679
DA:10,679
DA:11,679
DA:18,1
DA:19,1
DA:20,1
DA:21,1
DA:22,1
DA:25,1
DA:26,1
DA:27,1
DA:28,1
DA:31,1
DA:32,1
DA:33,1
DA:34,1
DA:35,1
DA:38,1
DA:39,1
DA:40,1
DA:41,1
DA:42,1
DA:45,1
DA:46,1
DA:47,1
DA:48,1
DA:51,1
DA:52,1
DA:53,1
DA:54,1
DA:55,1
BRF:0
BRH:0
LF:38
LH:38
end_of_record